Using pre-set license
Built from '2021.3/staging' branch; Version is '2021.3.22f1 (b6c551784ba3) revision 11978065'; Using compiler version '192829333'; Build Type 'Release'
OS: 'Windows 11  (10.0.22631) 64bit Core' Language: 'en' Physical Memory: 24505 MB
BatchMode: 1, IsHumanControllingUs: 0, StartBugReporterOnCrash: 0, Is64bit: 1, IsPro: 1

COMMAND LINE ARGUMENTS:
C:\Program Files\Unity\Hub\Editor\2021.3.22f1\Editor\Unity.exe
-adb2
-batchMode
-noUpm
-name
AssetImportWorker11
-projectPath
C:/Users/jadyn/OneDrive/Documents/UCF/Fall24/UnityProjects/Fighter_Planes_F24
-logFile
Logs/AssetImportWorker11.log
-srvPort
56976
Successfully changed project path to: C:/Users/jadyn/OneDrive/Documents/UCF/Fall24/UnityProjects/Fighter_Planes_F24
C:/Users/jadyn/OneDrive/Documents/UCF/Fall24/UnityProjects/Fighter_Planes_F24
[UnityMemory] Configuration Parameters - Can be set up in boot.config
    "memorysetup-bucket-allocator-granularity=16"
    "memorysetup-bucket-allocator-bucket-count=8"
    "memorysetup-bucket-allocator-block-size=33554432"
    "memorysetup-bucket-allocator-block-count=8"
    "memorysetup-main-allocator-block-size=16777216"
    "memorysetup-thread-allocator-block-size=16777216"
    "memorysetup-gfx-main-allocator-block-size=16777216"
    "memorysetup-gfx-thread-allocator-block-size=16777216"
    "memorysetup-cache-allocator-block-size=4194304"
    "memorysetup-typetree-allocator-block-size=2097152"
    "memorysetup-profiler-bucket-allocator-granularity=16"
    "memorysetup-profiler-bucket-allocator-bucket-count=8"
    "memorysetup-profiler-bucket-allocator-block-size=33554432"
    "memorysetup-profiler-bucket-allocator-block-count=8"
    "memorysetup-profiler-allocator-block-size=16777216"
    "memorysetup-profiler-editor-allocator-block-size=1048576"
    "memorysetup-temp-allocator-size-main=16777216"
    "memorysetup-job-temp-allocator-block-size=2097152"
    "memorysetup-job-temp-allocator-block-size-background=1048576"
    "memorysetup-job-temp-allocator-reduction-small-platforms=262144"
    "memorysetup-temp-allocator-size-background-worker=32768"
    "memorysetup-temp-allocator-size-job-worker=262144"
    "memorysetup-temp-allocator-size-preload-manager=33554432"
    "memorysetup-temp-allocator-size-nav-mesh-worker=65536"
    "memorysetup-temp-allocator-size-audio-worker=65536"
    "memorysetup-temp-allocator-size-cloud-worker=32768"
    "memorysetup-temp-allocator-size-gi-baking-worker=262144"
    "memorysetup-temp-allocator-size-gfx=262144"
Player connection [43188] Host "[IP] 192.168.1.242 [Port] 0 [Flags] 2 [Guid] 651391948 [EditorId] 651391948 [Version] 1048832 [Id] WindowsEditor(7,JadynPC) [Debug] 1 [PackageName] WindowsEditor [ProjectName] Editor" joined multi-casting on [225.0.0.222:54997]...

Player connection [43188] Host "[IP] 192.168.1.242 [Port] 0 [Flags] 2 [Guid] 651391948 [EditorId] 651391948 [Version] 1048832 [Id] WindowsEditor(7,JadynPC) [Debug] 1 [PackageName] WindowsEditor [ProjectName] Editor" joined alternative multi-casting on [225.0.0.222:34997]...

Refreshing native plugins compatible for Editor in 155.18 ms, found 3 plugins.
Preloading 0 native plugins for Editor in 0.00 ms.
Initialize engine version: 2021.3.22f1 (b6c551784ba3)
[Subsystems] Discovering subsystems at path C:/Program Files/Unity/Hub/Editor/2021.3.22f1/Editor/Data/Resources/UnitySubsystems
[Subsystems] Discovering subsystems at path C:/Users/jadyn/OneDrive/Documents/UCF/Fall24/UnityProjects/Fighter_Planes_F24/Assets
GfxDevice: creating device client; threaded=0; jobified=0
Direct3D:
    Version:  Direct3D 11.0 [level 11.1]
    Renderer: NVIDIA GeForce RTX 2080 (ID=0x1e87)
    Vendor:   NVIDIA
    VRAM:     8002 MB
    Driver:   31.0.15.4617
Initialize mono
Mono path[0] = 'C:/Program Files/Unity/Hub/Editor/2021.3.22f1/Editor/Data/Managed'
Mono path[1] = 'C:/Program Files/Unity/Hub/Editor/2021.3.22f1/Editor/Data/MonoBleedingEdge/lib/mono/unityjit-win32'
Mono config path = 'C:/Program Files/Unity/Hub/Editor/2021.3.22f1/Editor/Data/MonoBleedingEdge/etc'
Using monoOptions --debugger-agent=transport=dt_socket,embedding=1,server=y,suspend=n,address=127.0.0.1:56656
Begin MonoManager ReloadAssembly
Registering precompiled unity dll's ...
Register platform support module: C:/Program Files/Unity/Hub/Editor/2021.3.22f1/Editor/Data/PlaybackEngines/WebGLSupport/UnityEditor.WebGL.Extensions.dll
Register platform support module: C:/Program Files/Unity/Hub/Editor/2021.3.22f1/Editor/Data/PlaybackEngines/WindowsStandaloneSupport/UnityEditor.WindowsStandalone.Extensions.dll
Registered in 0.015727 seconds.
Native extension for WindowsStandalone target not found
Native extension for WebGL target not found
Refreshing native plugins compatible for Editor in 112.61 ms, found 3 plugins.
Preloading 0 native plugins for Editor in 0.00 ms.
Mono: successfully reloaded assembly
- Completed reload, in  1.109 seconds
Domain Reload Profiling:
	ReloadAssembly (1110ms)
		BeginReloadAssembly (163ms)
			ExecutionOrderSort (0ms)
			DisableScriptedObjects (0ms)
			BackupInstance (0ms)
			ReleaseScriptingObjects (0ms)
			CreateAndSetChildDomain (1ms)
		EndReloadAssembly (758ms)
			LoadAssemblies (160ms)
			RebuildTransferFunctionScriptingTraits (0ms)
			SetupTypeCache (183ms)
			ReleaseScriptCaches (0ms)
			RebuildScriptCaches (61ms)
			SetupLoadedEditorAssemblies (432ms)
				LogAssemblyErrors (0ms)
				InitializePlatformSupportModulesInManaged (14ms)
				SetLoadedEditorAssemblies (0ms)
				RefreshPlugins (113ms)
				BeforeProcessingInitializeOnLoad (2ms)
				ProcessInitializeOnLoadAttributes (226ms)
				ProcessInitializeOnLoadMethodAttributes (77ms)
				AfterProcessingInitializeOnLoad (0ms)
				EditorAssembliesLoaded (0ms)
			ExecutionOrderSort2 (0ms)
			AwakeInstancesAfterBackupRestoration (0ms)
Platform modules already initialized, skipping
Registering precompiled user dll's ...
Registered in 0.007695 seconds.
Begin MonoManager ReloadAssembly
Native extension for WindowsStandalone target not found
Native extension for WebGL target not found
Refreshing native plugins compatible for Editor in 0.93 ms, found 3 plugins.
Preloading 0 native plugins for Editor in 0.00 ms.
Mono: successfully reloaded assembly
- Completed reload, in  2.116 seconds
Domain Reload Profiling:
	ReloadAssembly (2117ms)
		BeginReloadAssembly (247ms)
			ExecutionOrderSort (0ms)
			DisableScriptedObjects (6ms)
			BackupInstance (0ms)
			ReleaseScriptingObjects (0ms)
			CreateAndSetChildDomain (41ms)
		EndReloadAssembly (1671ms)
			LoadAssemblies (152ms)
			RebuildTransferFunctionScriptingTraits (0ms)
			SetupTypeCache (482ms)
			ReleaseScriptCaches (1ms)
			RebuildScriptCaches (196ms)
			SetupLoadedEditorAssemblies (678ms)
				LogAssemblyErrors (0ms)
				InitializePlatformSupportModulesInManaged (15ms)
				SetLoadedEditorAssemblies (1ms)
				RefreshPlugins (1ms)
				BeforeProcessingInitializeOnLoad (162ms)
				ProcessInitializeOnLoadAttributes (458ms)
				ProcessInitializeOnLoadMethodAttributes (27ms)
				AfterProcessingInitializeOnLoad (13ms)
				EditorAssembliesLoaded (0ms)
			ExecutionOrderSort2 (0ms)
			AwakeInstancesAfterBackupRestoration (11ms)
Platform modules already initialized, skipping
========================================================================
Worker process is ready to serve import requests
Launched and connected shader compiler UnityShaderCompiler.exe after 0.08 seconds
Refreshing native plugins compatible for Editor in 0.79 ms, found 3 plugins.
Preloading 0 native plugins for Editor in 0.00 ms.
Unloading 3088 Unused Serialized files (Serialized files now loaded: 0)
Unloading 23 unused Assets / (56.2 KB). Loaded Objects now: 3549.
Memory consumption went from 111.5 MB to 111.5 MB.
Total: 6.506000 ms (FindLiveObjects: 0.426100 ms CreateObjectMapping: 0.346400 ms MarkObjects: 5.589500 ms  DeleteObjects: 0.142100 ms)

AssetImportParameters requested are different than current active one (requested -> active):
  custom:video-decoder-ogg-theora: a1e56fd34408186e4bbccfd4996cb3dc -> 
  custom:container-muxer-webm: aa71ff27fc2769a1b78a27578f13a17b -> 
  custom:container-demuxer-webm: 4f35f7cbe854078d1ac9338744f61a02 -> 
  custom:video-encoder-webm-vp8: eb34c28f22e8b96e1ab97ce403110664 -> 
  custom:video-codec-MediaFoundation-h265: 746d11721c4dcdbdad8f713fa42b33f4 -> 
  custom:audio-encoder-webm-vorbis: bf7c407c2cedff20999df2af8eb42d56 -> 
  custom:framework-win-MediaFoundation: 216162199b28c13a410421893ffa2e32 -> 
  custom:container-demuxer-ogg: 62fdf1f143b41e24485cea50d1cbac27 -> 
  custom:video-decoder-webm-vp8: 9c59270c3fd7afecdb556c50c9e8de78 -> 
  custom:audio-decoder-ogg-vorbis: bf7c407c2cedff20999df2af8eb42d56 -> 
========================================================================
Received Import Request.
  Time since last request: 521911.502362 seconds.
  path: Assets/Sprites/Bullets
  artifactKey: Guid(04a0afbe4967423418e86d5e67221c29) Importer(815301076,1909f56bfc062723c751e8b465ee728b)
Start importing Assets/Sprites/Bullets using Guid(04a0afbe4967423418e86d5e67221c29) Importer(815301076,1909f56bfc062723c751e8b465ee728b)  -> (artifact id: 'd0acad661af052c56e855bdf5ee35a61') in 0.014053 seconds 
========================================================================
Received Import Request.
  Time since last request: 3.138102 seconds.
  path: Assets/Sprites/Explosion/Explosion_00000.png
  artifactKey: Guid(266113fcf3d44804b9f867ff14f8c143) Importer(815301076,1909f56bfc062723c751e8b465ee728b)
Start importing Assets/Sprites/Explosion/Explosion_00000.png using Guid(266113fcf3d44804b9f867ff14f8c143) Importer(815301076,1909f56bfc062723c751e8b465ee728b)  -> (artifact id: '67b489dad8b4b372c12dbb1c1c01e640') in 0.278552 seconds 
========================================================================
Received Import Request.
  Time since last request: 0.000033 seconds.
  path: Assets/Sprites/Explosion/Explosion_00105.png
  artifactKey: Guid(0fac6ee39731acd46b381d772d214add) Importer(815301076,1909f56bfc062723c751e8b465ee728b)
Start importing Assets/Sprites/Explosion/Explosion_00105.png using Guid(0fac6ee39731acd46b381d772d214add) Importer(815301076,1909f56bfc062723c751e8b465ee728b)  -> (artifact id: '1274c632c9cb1d3c9490664008e62a87') in 0.058027 seconds 
========================================================================
Received Import Request.
  Time since last request: 0.000037 seconds.
  path: Assets/Sprites/Explosion/Explosion_00112.png
  artifactKey: Guid(b4ee36175144964448bd4b68aa613dc4) Importer(815301076,1909f56bfc062723c751e8b465ee728b)
Start importing Assets/Sprites/Explosion/Explosion_00112.png using Guid(b4ee36175144964448bd4b68aa613dc4) Importer(815301076,1909f56bfc062723c751e8b465ee728b)  -> (artifact id: '7181bf6cb2a150e2de8f7825dc84693e') in 0.053789 seconds 
========================================================================
Received Import Request.
  Time since last request: 0.000020 seconds.
  path: Assets/Sprites/Explosion/Explosion_00020.png
  artifactKey: Guid(ac288ed2d6f860744b0ea7d00e625d5e) Importer(815301076,1909f56bfc062723c751e8b465ee728b)
Start importing Assets/Sprites/Explosion/Explosion_00020.png using Guid(ac288ed2d6f860744b0ea7d00e625d5e) Importer(815301076,1909f56bfc062723c751e8b465ee728b)  -> (artifact id: '7a5531336b298cb8a42ff508690532a4') in 0.060942 seconds 
========================================================================
Received Import Request.
  Time since last request: 0.000030 seconds.
  path: Assets/Sprites/Explosion/Explosion_00008.png
  artifactKey: Guid(109c68367ab1c1b4799cd98fb5c61388) Importer(815301076,1909f56bfc062723c751e8b465ee728b)
Start importing Assets/Sprites/Explosion/Explosion_00008.png using Guid(109c68367ab1c1b4799cd98fb5c61388) Importer(815301076,1909f56bfc062723c751e8b465ee728b)  -> (artifact id: '87b5557d45162c7940aa76ab860ba3c8') in 0.051084 seconds 
========================================================================
Received Import Request.
  Time since last request: 0.000021 seconds.
  path: Assets/Sprites/Explosion/Explosion_00090.png
  artifactKey: Guid(e27e1ea2bb1512c49b569d47f49b1b6c) Importer(815301076,1909f56bfc062723c751e8b465ee728b)
Start importing Assets/Sprites/Explosion/Explosion_00090.png using Guid(e27e1ea2bb1512c49b569d47f49b1b6c) Importer(815301076,1909f56bfc062723c751e8b465ee728b)  -> (artifact id: '06ce39ab2534b5797096c766f6fc9f3e') in 0.059665 seconds 
========================================================================
Received Import Request.
  Time since last request: 0.000071 seconds.
  path: Assets/Sprites/Explosion/Explosion_00059.png
  artifactKey: Guid(f4e2961837931504b9126e5cd47d95bf) Importer(815301076,1909f56bfc062723c751e8b465ee728b)
Start importing Assets/Sprites/Explosion/Explosion_00059.png using Guid(f4e2961837931504b9126e5cd47d95bf) Importer(815301076,1909f56bfc062723c751e8b465ee728b)  -> (artifact id: '0a81486b995ff38dd0d7e7195a3d9193') in 0.095461 seconds 
========================================================================
Received Import Request.
  Time since last request: 0.000050 seconds.
  path: Assets/Sprites/Explosion/Explosion_00097.png
  artifactKey: Guid(4c8943b0ae13eba4abfde0d063f29f7a) Importer(815301076,1909f56bfc062723c751e8b465ee728b)
Start importing Assets/Sprites/Explosion/Explosion_00097.png using Guid(4c8943b0ae13eba4abfde0d063f29f7a) Importer(815301076,1909f56bfc062723c751e8b465ee728b)  -> (artifact id: '9b858816b06dd3dc9d3e773f1c1be850') in 0.055511 seconds 
========================================================================
Received Import Request.
  Time since last request: 0.000032 seconds.
  path: Assets/Sprites/Explosion/Explosion_00025.png
  artifactKey: Guid(ae7bc9df995e1df4d8e28c551904778b) Importer(815301076,1909f56bfc062723c751e8b465ee728b)
Start importing Assets/Sprites/Explosion/Explosion_00025.png using Guid(ae7bc9df995e1df4d8e28c551904778b) Importer(815301076,1909f56bfc062723c751e8b465ee728b)  -> (artifact id: '504bbbe35b8395e460b112e5c5209315') in 0.057140 seconds 
========================================================================
Received Import Request.
  Time since last request: 0.000042 seconds.
  path: Assets/Sprites/Explosion/Explosion_00043.png
  artifactKey: Guid(a19d07d5a24800e4f988682c0279b6af) Importer(815301076,1909f56bfc062723c751e8b465ee728b)
Start importing Assets/Sprites/Explosion/Explosion_00043.png using Guid(a19d07d5a24800e4f988682c0279b6af) Importer(815301076,1909f56bfc062723c751e8b465ee728b)  -> (artifact id: '806ff95f5d313c5c8e24f3541fa13a66') in 0.083526 seconds 
========================================================================
Received Import Request.
  Time since last request: 0.000037 seconds.
  path: Assets/Sprites/Explosion/Explosion_00062.png
  artifactKey: Guid(f6c90df5c13718442a75e702d92266b4) Importer(815301076,1909f56bfc062723c751e8b465ee728b)
Start importing Assets/Sprites/Explosion/Explosion_00062.png using Guid(f6c90df5c13718442a75e702d92266b4) Importer(815301076,1909f56bfc062723c751e8b465ee728b)  -> (artifact id: '716f3b97efda85c660964ba97b254ad2') in 0.094081 seconds 
========================================================================
Received Import Request.
  Time since last request: 0.000046 seconds.
  path: Assets/Sprites/Explosion/Explosion_00067.png
  artifactKey: Guid(77bb8de148681054690dbff962ee35e0) Importer(815301076,1909f56bfc062723c751e8b465ee728b)
Start importing Assets/Sprites/Explosion/Explosion_00067.png using Guid(77bb8de148681054690dbff962ee35e0) Importer(815301076,1909f56bfc062723c751e8b465ee728b)  -> (artifact id: '3dde0357224f2441a70e1176adfd5f2b') in 0.083999 seconds 
========================================================================
Received Import Request.
  Time since last request: 0.000023 seconds.
  path: Assets/Sprites/Explosion/Explosion_00121.png
  artifactKey: Guid(3634ec3b3b7a4024d8b725a026567ca1) Importer(815301076,1909f56bfc062723c751e8b465ee728b)
Start importing Assets/Sprites/Explosion/Explosion_00121.png using Guid(3634ec3b3b7a4024d8b725a026567ca1) Importer(815301076,1909f56bfc062723c751e8b465ee728b)  -> (artifact id: 'c6b75789fe6cbdaa25673a66b7e34717') in 0.058151 seconds 
========================================================================
Received Import Request.
  Time since last request: 0.000021 seconds.
  path: Assets/Sprites/Explosion/Explosion_00125.png
  artifactKey: Guid(6a025a7e6944b294ca475c33aa855f76) Importer(815301076,1909f56bfc062723c751e8b465ee728b)
Start importing Assets/Sprites/Explosion/Explosion_00125.png using Guid(6a025a7e6944b294ca475c33aa855f76) Importer(815301076,1909f56bfc062723c751e8b465ee728b)  -> (artifact id: '823314524e2410e5e77dddc5ea7428b5') in 0.041570 seconds 
========================================================================
Received Import Request.
  Time since last request: 0.000025 seconds.
  path: Assets/Sprites/Explosion/Explosion_00108.png
  artifactKey: Guid(0f8aa0a59ca97bb4b868dac72f0a6545) Importer(815301076,1909f56bfc062723c751e8b465ee728b)
Start importing Assets/Sprites/Explosion/Explosion_00108.png using Guid(0f8aa0a59ca97bb4b868dac72f0a6545) Importer(815301076,1909f56bfc062723c751e8b465ee728b)  -> (artifact id: '23f07c229f20dbd8526258bf09a2aac9') in 0.066342 seconds 
========================================================================
Received Import Request.
  Time since last request: 0.000026 seconds.
  path: Assets/Sprites/Explosion/Explosion_00068.png
  artifactKey: Guid(ac9f28696546f8f4f98ac291dfb66527) Importer(815301076,1909f56bfc062723c751e8b465ee728b)
Start importing Assets/Sprites/Explosion/Explosion_00068.png using Guid(ac9f28696546f8f4f98ac291dfb66527) Importer(815301076,1909f56bfc062723c751e8b465ee728b)  -> (artifact id: 'f6486768904cf18141eb7674fb53c971') in 0.092582 seconds 
========================================================================
Received Import Request.
  Time since last request: 0.000035 seconds.
  path: Assets/Sprites/Explosion/Explosion_00064.png
  artifactKey: Guid(60cb34267af8f144c9bc81b074b8645d) Importer(815301076,1909f56bfc062723c751e8b465ee728b)
Start importing Assets/Sprites/Explosion/Explosion_00064.png using Guid(60cb34267af8f144c9bc81b074b8645d) Importer(815301076,1909f56bfc062723c751e8b465ee728b)  -> (artifact id: '49abe63564cfec4222e9d429d8f6397a') in 0.062413 seconds 
========================================================================
Received Import Request.
  Time since last request: 0.637352 seconds.
  path: Assets/Sprites/Health
  artifactKey: Guid(5c274b666608b7743b297335ec6a4c5c) Importer(815301076,1909f56bfc062723c751e8b465ee728b)
Start importing Assets/Sprites/Health using Guid(5c274b666608b7743b297335ec6a4c5c) Importer(815301076,1909f56bfc062723c751e8b465ee728b)  -> (artifact id: '8be10b9b3487c069577359f347eaae60') in 0.010262 seconds 
========================================================================
Received Import Request.
  Time since last request: 0.050129 seconds.
  path: Assets/Sprites/Health/frame-1.png
  artifactKey: Guid(efe202ca8a793e241973ed97296a0a5d) Importer(815301076,1909f56bfc062723c751e8b465ee728b)
Start importing Assets/Sprites/Health/frame-1.png using Guid(efe202ca8a793e241973ed97296a0a5d) Importer(815301076,1909f56bfc062723c751e8b465ee728b)  -> (artifact id: '2f3430aa56871a08caf2b1bededfe928') in 0.027817 seconds 
Editor requested this worker to shutdown with reason: Scaling down because of idle timeout
AssetImportWorker is now disconnected from the server
Process exiting
Exiting without the bug reporter. Application will terminate with return code 0