Using pre-set license
Built from '2021.3/staging' branch; Version is '2021.3.22f1 (b6c551784ba3) revision 11978065'; Using compiler version '192829333'; Build Type 'Release'
OS: 'Windows 11  (10.0.22631) 64bit Core' Language: 'en' Physical Memory: 24505 MB
BatchMode: 1, IsHumanControllingUs: 0, StartBugReporterOnCrash: 0, Is64bit: 1, IsPro: 1

COMMAND LINE ARGUMENTS:
C:\Program Files\Unity\Hub\Editor\2021.3.22f1\Editor\Unity.exe
-adb2
-batchMode
-noUpm
-name
AssetImportWorker10
-projectPath
C:/Users/jadyn/OneDrive/Documents/UCF/Fall24/UnityProjects/Fighter_Planes_F24
-logFile
Logs/AssetImportWorker10.log
-srvPort
56976
Successfully changed project path to: C:/Users/jadyn/OneDrive/Documents/UCF/Fall24/UnityProjects/Fighter_Planes_F24
C:/Users/jadyn/OneDrive/Documents/UCF/Fall24/UnityProjects/Fighter_Planes_F24
[UnityMemory] Configuration Parameters - Can be set up in boot.config
    "memorysetup-bucket-allocator-granularity=16"
    "memorysetup-bucket-allocator-bucket-count=8"
    "memorysetup-bucket-allocator-block-size=33554432"
    "memorysetup-bucket-allocator-block-count=8"
    "memorysetup-main-allocator-block-size=16777216"
    "memorysetup-thread-allocator-block-size=16777216"
    "memorysetup-gfx-main-allocator-block-size=16777216"
    "memorysetup-gfx-thread-allocator-block-size=16777216"
    "memorysetup-cache-allocator-block-size=4194304"
    "memorysetup-typetree-allocator-block-size=2097152"
    "memorysetup-profiler-bucket-allocator-granularity=16"
    "memorysetup-profiler-bucket-allocator-bucket-count=8"
    "memorysetup-profiler-bucket-allocator-block-size=33554432"
    "memorysetup-profiler-bucket-allocator-block-count=8"
    "memorysetup-profiler-allocator-block-size=16777216"
    "memorysetup-profiler-editor-allocator-block-size=1048576"
    "memorysetup-temp-allocator-size-main=16777216"
    "memorysetup-job-temp-allocator-block-size=2097152"
    "memorysetup-job-temp-allocator-block-size-background=1048576"
    "memorysetup-job-temp-allocator-reduction-small-platforms=262144"
    "memorysetup-temp-allocator-size-background-worker=32768"
    "memorysetup-temp-allocator-size-job-worker=262144"
    "memorysetup-temp-allocator-size-preload-manager=33554432"
    "memorysetup-temp-allocator-size-nav-mesh-worker=65536"
    "memorysetup-temp-allocator-size-audio-worker=65536"
    "memorysetup-temp-allocator-size-cloud-worker=32768"
    "memorysetup-temp-allocator-size-gi-baking-worker=262144"
    "memorysetup-temp-allocator-size-gfx=262144"
Player connection [26460] Host "[IP] 192.168.1.242 [Port] 0 [Flags] 2 [Guid] 1714719325 [EditorId] 1714719325 [Version] 1048832 [Id] WindowsEditor(7,JadynPC) [Debug] 1 [PackageName] WindowsEditor [ProjectName] Editor" joined multi-casting on [225.0.0.222:54997]...

Player connection [26460] Host "[IP] 192.168.1.242 [Port] 0 [Flags] 2 [Guid] 1714719325 [EditorId] 1714719325 [Version] 1048832 [Id] WindowsEditor(7,JadynPC) [Debug] 1 [PackageName] WindowsEditor [ProjectName] Editor" joined alternative multi-casting on [225.0.0.222:34997]...

Refreshing native plugins compatible for Editor in 143.07 ms, found 3 plugins.
Preloading 0 native plugins for Editor in 0.00 ms.
Initialize engine version: 2021.3.22f1 (b6c551784ba3)
[Subsystems] Discovering subsystems at path C:/Program Files/Unity/Hub/Editor/2021.3.22f1/Editor/Data/Resources/UnitySubsystems
[Subsystems] Discovering subsystems at path C:/Users/jadyn/OneDrive/Documents/UCF/Fall24/UnityProjects/Fighter_Planes_F24/Assets
GfxDevice: creating device client; threaded=0; jobified=0
Direct3D:
    Version:  Direct3D 11.0 [level 11.1]
    Renderer: NVIDIA GeForce RTX 2080 (ID=0x1e87)
    Vendor:   NVIDIA
    VRAM:     8002 MB
    Driver:   31.0.15.4617
Initialize mono
Mono path[0] = 'C:/Program Files/Unity/Hub/Editor/2021.3.22f1/Editor/Data/Managed'
Mono path[1] = 'C:/Program Files/Unity/Hub/Editor/2021.3.22f1/Editor/Data/MonoBleedingEdge/lib/mono/unityjit-win32'
Mono config path = 'C:/Program Files/Unity/Hub/Editor/2021.3.22f1/Editor/Data/MonoBleedingEdge/etc'
Using monoOptions --debugger-agent=transport=dt_socket,embedding=1,server=y,suspend=n,address=127.0.0.1:56412
Begin MonoManager ReloadAssembly
Registering precompiled unity dll's ...
Register platform support module: C:/Program Files/Unity/Hub/Editor/2021.3.22f1/Editor/Data/PlaybackEngines/WebGLSupport/UnityEditor.WebGL.Extensions.dll
Register platform support module: C:/Program Files/Unity/Hub/Editor/2021.3.22f1/Editor/Data/PlaybackEngines/WindowsStandaloneSupport/UnityEditor.WindowsStandalone.Extensions.dll
Registered in 0.015188 seconds.
Native extension for WindowsStandalone target not found
Native extension for WebGL target not found
Refreshing native plugins compatible for Editor in 110.85 ms, found 3 plugins.
Preloading 0 native plugins for Editor in 0.00 ms.
Mono: successfully reloaded assembly
- Completed reload, in  1.059 seconds
Domain Reload Profiling:
	ReloadAssembly (1060ms)
		BeginReloadAssembly (166ms)
			ExecutionOrderSort (0ms)
			DisableScriptedObjects (0ms)
			BackupInstance (0ms)
			ReleaseScriptingObjects (0ms)
			CreateAndSetChildDomain (1ms)
		EndReloadAssembly (705ms)
			LoadAssemblies (162ms)
			RebuildTransferFunctionScriptingTraits (0ms)
			SetupTypeCache (170ms)
			ReleaseScriptCaches (0ms)
			RebuildScriptCaches (41ms)
			SetupLoadedEditorAssemblies (420ms)
				LogAssemblyErrors (0ms)
				InitializePlatformSupportModulesInManaged (13ms)
				SetLoadedEditorAssemblies (0ms)
				RefreshPlugins (111ms)
				BeforeProcessingInitializeOnLoad (2ms)
				ProcessInitializeOnLoadAttributes (217ms)
				ProcessInitializeOnLoadMethodAttributes (78ms)
				AfterProcessingInitializeOnLoad (0ms)
				EditorAssembliesLoaded (0ms)
			ExecutionOrderSort2 (0ms)
			AwakeInstancesAfterBackupRestoration (0ms)
Platform modules already initialized, skipping
Registering precompiled user dll's ...
Registered in 0.010973 seconds.
Begin MonoManager ReloadAssembly
Native extension for WindowsStandalone target not found
Native extension for WebGL target not found
Refreshing native plugins compatible for Editor in 0.97 ms, found 3 plugins.
Preloading 0 native plugins for Editor in 0.00 ms.
Mono: successfully reloaded assembly
- Completed reload, in  2.053 seconds
Domain Reload Profiling:
	ReloadAssembly (2054ms)
		BeginReloadAssembly (209ms)
			ExecutionOrderSort (0ms)
			DisableScriptedObjects (7ms)
			BackupInstance (0ms)
			ReleaseScriptingObjects (0ms)
			CreateAndSetChildDomain (31ms)
		EndReloadAssembly (1636ms)
			LoadAssemblies (169ms)
			RebuildTransferFunctionScriptingTraits (0ms)
			SetupTypeCache (454ms)
			ReleaseScriptCaches (1ms)
			RebuildScriptCaches (181ms)
			SetupLoadedEditorAssemblies (715ms)
				LogAssemblyErrors (0ms)
				InitializePlatformSupportModulesInManaged (16ms)
				SetLoadedEditorAssemblies (1ms)
				RefreshPlugins (1ms)
				BeforeProcessingInitializeOnLoad (188ms)
				ProcessInitializeOnLoadAttributes (478ms)
				ProcessInitializeOnLoadMethodAttributes (19ms)
				AfterProcessingInitializeOnLoad (11ms)
				EditorAssembliesLoaded (0ms)
			ExecutionOrderSort2 (0ms)
			AwakeInstancesAfterBackupRestoration (8ms)
Platform modules already initialized, skipping
========================================================================
Worker process is ready to serve import requests
Launched and connected shader compiler UnityShaderCompiler.exe after 0.10 seconds
Refreshing native plugins compatible for Editor in 1.01 ms, found 3 plugins.
Preloading 0 native plugins for Editor in 0.00 ms.
Unloading 3088 Unused Serialized files (Serialized files now loaded: 0)
Unloading 23 unused Assets / (56.2 KB). Loaded Objects now: 3549.
Memory consumption went from 111.6 MB to 111.6 MB.
Total: 7.530900 ms (FindLiveObjects: 0.370000 ms CreateObjectMapping: 0.373200 ms MarkObjects: 6.681400 ms  DeleteObjects: 0.104700 ms)

AssetImportParameters requested are different than current active one (requested -> active):
  custom:video-decoder-ogg-theora: a1e56fd34408186e4bbccfd4996cb3dc -> 
  custom:container-muxer-webm: aa71ff27fc2769a1b78a27578f13a17b -> 
  custom:container-demuxer-webm: 4f35f7cbe854078d1ac9338744f61a02 -> 
  custom:video-encoder-webm-vp8: eb34c28f22e8b96e1ab97ce403110664 -> 
  custom:video-codec-MediaFoundation-h265: 746d11721c4dcdbdad8f713fa42b33f4 -> 
  custom:audio-encoder-webm-vorbis: bf7c407c2cedff20999df2af8eb42d56 -> 
  custom:framework-win-MediaFoundation: 216162199b28c13a410421893ffa2e32 -> 
  custom:container-demuxer-ogg: 62fdf1f143b41e24485cea50d1cbac27 -> 
  custom:video-decoder-webm-vp8: 9c59270c3fd7afecdb556c50c9e8de78 -> 
  custom:audio-decoder-ogg-vorbis: bf7c407c2cedff20999df2af8eb42d56 -> 
========================================================================
Received Import Request.
  Time since last request: 521914.659476 seconds.
  path: Assets/Sprites/Explosion/Explosion_00003.png
  artifactKey: Guid(d7987f91d6d263f469a6d8e36d9c26c7) Importer(815301076,1909f56bfc062723c751e8b465ee728b)
Start importing Assets/Sprites/Explosion/Explosion_00003.png using Guid(d7987f91d6d263f469a6d8e36d9c26c7) Importer(815301076,1909f56bfc062723c751e8b465ee728b)  -> (artifact id: '86aafc61b65d7adb6a3a2c485c26e4cd') in 0.316142 seconds 
========================================================================
Received Import Request.
  Time since last request: 0.000035 seconds.
  path: Assets/Sprites/Explosion/Explosion_00075.png
  artifactKey: Guid(84c0d1b1e25425f48b6084e94637b701) Importer(815301076,1909f56bfc062723c751e8b465ee728b)
Start importing Assets/Sprites/Explosion/Explosion_00075.png using Guid(84c0d1b1e25425f48b6084e94637b701) Importer(815301076,1909f56bfc062723c751e8b465ee728b)  -> (artifact id: '641cf6a48b9f4961ba42ceb8a99d1b30') in 0.076549 seconds 
========================================================================
Received Import Request.
  Time since last request: 0.000034 seconds.
  path: Assets/Sprites/Explosion/Explosion_00085.png
  artifactKey: Guid(71b25f7512f6fa3448981c5c5243815e) Importer(815301076,1909f56bfc062723c751e8b465ee728b)
Start importing Assets/Sprites/Explosion/Explosion_00085.png using Guid(71b25f7512f6fa3448981c5c5243815e) Importer(815301076,1909f56bfc062723c751e8b465ee728b)  -> (artifact id: '7678bf3e4b6a4227bab8f8ee480a9d51') in 0.079714 seconds 
========================================================================
Received Import Request.
  Time since last request: 0.000025 seconds.
  path: Assets/Sprites/Explosion/Explosion_00094.png
  artifactKey: Guid(823e0db1a7e28b34f80c41ea95a2a264) Importer(815301076,1909f56bfc062723c751e8b465ee728b)
Start importing Assets/Sprites/Explosion/Explosion_00094.png using Guid(823e0db1a7e28b34f80c41ea95a2a264) Importer(815301076,1909f56bfc062723c751e8b465ee728b)  -> (artifact id: '3c3894c08cda4cdd0084b4c0fedf4dcd') in 0.055590 seconds 
========================================================================
Received Import Request.
  Time since last request: 0.000028 seconds.
  path: Assets/Sprites/Explosion/Explosion_00119.png
  artifactKey: Guid(b29e02dbfbd42a644b95a5a63d42582b) Importer(815301076,1909f56bfc062723c751e8b465ee728b)
Start importing Assets/Sprites/Explosion/Explosion_00119.png using Guid(b29e02dbfbd42a644b95a5a63d42582b) Importer(815301076,1909f56bfc062723c751e8b465ee728b)  -> (artifact id: '2d1185c374b7093e6a3defb137a0e161') in 0.064255 seconds 
========================================================================
Received Import Request.
  Time since last request: 0.000025 seconds.
  path: Assets/Sprites/Explosion/Explosion_00124.png
  artifactKey: Guid(6e6ac951b8f509944b709ebedc36c7ea) Importer(815301076,1909f56bfc062723c751e8b465ee728b)
Start importing Assets/Sprites/Explosion/Explosion_00124.png using Guid(6e6ac951b8f509944b709ebedc36c7ea) Importer(815301076,1909f56bfc062723c751e8b465ee728b)  -> (artifact id: '523b797c17fa64376604f12b55fad5b2') in 0.072044 seconds 
========================================================================
Received Import Request.
  Time since last request: 0.000033 seconds.
  path: Assets/Sprites/Explosion/Explosion_00092.png
  artifactKey: Guid(c668d46bbb5fbe64babd8beca32c14a9) Importer(815301076,1909f56bfc062723c751e8b465ee728b)
Start importing Assets/Sprites/Explosion/Explosion_00092.png using Guid(c668d46bbb5fbe64babd8beca32c14a9) Importer(815301076,1909f56bfc062723c751e8b465ee728b)  -> (artifact id: '5978ed7d0c8c100414b186e40b3798f6') in 0.080034 seconds 
========================================================================
Received Import Request.
  Time since last request: 0.000046 seconds.
  path: Assets/Sprites/Explosion/Explosion_00017.png
  artifactKey: Guid(f81d9e06b5062994487733777956ce03) Importer(815301076,1909f56bfc062723c751e8b465ee728b)
Start importing Assets/Sprites/Explosion/Explosion_00017.png using Guid(f81d9e06b5062994487733777956ce03) Importer(815301076,1909f56bfc062723c751e8b465ee728b)  -> (artifact id: '1f32c1ad51a775dadb097dec6704d6d7') in 0.095043 seconds 
========================================================================
Received Import Request.
  Time since last request: 0.000024 seconds.
  path: Assets/Sprites/Explosion/Explosion_00047.png
  artifactKey: Guid(3045a8587bf0c5544aad16e73c757af0) Importer(815301076,1909f56bfc062723c751e8b465ee728b)
Start importing Assets/Sprites/Explosion/Explosion_00047.png using Guid(3045a8587bf0c5544aad16e73c757af0) Importer(815301076,1909f56bfc062723c751e8b465ee728b)  -> (artifact id: '9a75ce6f954e445d36f5bd0caa6fac17') in 0.071643 seconds 
========================================================================
Received Import Request.
  Time since last request: 0.000023 seconds.
  path: Assets/Sprites/Explosion/Explosion_00117.png
  artifactKey: Guid(787c152913826da408b8b1b9e0ec8c6b) Importer(815301076,1909f56bfc062723c751e8b465ee728b)
Start importing Assets/Sprites/Explosion/Explosion_00117.png using Guid(787c152913826da408b8b1b9e0ec8c6b) Importer(815301076,1909f56bfc062723c751e8b465ee728b)  -> (artifact id: '01eb9ccf1d2c6faf32c9a9dddeb0cd3c') in 0.052242 seconds 
========================================================================
Received Import Request.
  Time since last request: 0.000047 seconds.
  path: Assets/Sprites/Explosion/Explosion_00034.png
  artifactKey: Guid(24663ed0d20db9540a8e0829d11bef31) Importer(815301076,1909f56bfc062723c751e8b465ee728b)
Start importing Assets/Sprites/Explosion/Explosion_00034.png using Guid(24663ed0d20db9540a8e0829d11bef31) Importer(815301076,1909f56bfc062723c751e8b465ee728b)  -> (artifact id: '0f7ba1824e18b9bcaa59b3d0c4cd4cad') in 0.092198 seconds 
========================================================================
Received Import Request.
  Time since last request: 0.000026 seconds.
  path: Assets/Sprites/Explosion/Explosion_00130.png
  artifactKey: Guid(5e6c299c8c9d50847ad0f2b05f9fb7aa) Importer(815301076,1909f56bfc062723c751e8b465ee728b)
Start importing Assets/Sprites/Explosion/Explosion_00130.png using Guid(5e6c299c8c9d50847ad0f2b05f9fb7aa) Importer(815301076,1909f56bfc062723c751e8b465ee728b)  -> (artifact id: '012ef2a9312e090cb351593248483432') in 0.062962 seconds 
========================================================================
Received Import Request.
  Time since last request: 0.000025 seconds.
  path: Assets/Sprites/Explosion/Explosion_00073.png
  artifactKey: Guid(c3102c90553bede4bae63bd752f123e3) Importer(815301076,1909f56bfc062723c751e8b465ee728b)
Start importing Assets/Sprites/Explosion/Explosion_00073.png using Guid(c3102c90553bede4bae63bd752f123e3) Importer(815301076,1909f56bfc062723c751e8b465ee728b)  -> (artifact id: '84dfe7dfdd3ec0bd241f0e5cde1f8740') in 0.075732 seconds 
========================================================================
Received Import Request.
  Time since last request: 0.000071 seconds.
  path: Assets/Sprites/Explosion/Explosion_00101.png
  artifactKey: Guid(27491d4aab8d6f049adcbbe171481756) Importer(815301076,1909f56bfc062723c751e8b465ee728b)
Start importing Assets/Sprites/Explosion/Explosion_00101.png using Guid(27491d4aab8d6f049adcbbe171481756) Importer(815301076,1909f56bfc062723c751e8b465ee728b)  -> (artifact id: 'e437b3efddc8dc2caa2a1257c8b56641') in 0.070935 seconds 
========================================================================
Received Import Request.
  Time since last request: 0.000036 seconds.
  path: Assets/Sprites/Explosion/Explosion_00098.png
  artifactKey: Guid(92a0aa3dde0a6c34ca4cbbac5106b490) Importer(815301076,1909f56bfc062723c751e8b465ee728b)
Start importing Assets/Sprites/Explosion/Explosion_00098.png using Guid(92a0aa3dde0a6c34ca4cbbac5106b490) Importer(815301076,1909f56bfc062723c751e8b465ee728b)  -> (artifact id: '0f95d71a0d40491ca40bfaeb35b87dc1') in 0.068831 seconds 
========================================================================
Received Import Request.
  Time since last request: 0.000022 seconds.
  path: Assets/Sprites/Explosion/Explosion_00127.png
  artifactKey: Guid(af14b4541b6dff243ab89b00edb6f8bb) Importer(815301076,1909f56bfc062723c751e8b465ee728b)
Start importing Assets/Sprites/Explosion/Explosion_00127.png using Guid(af14b4541b6dff243ab89b00edb6f8bb) Importer(815301076,1909f56bfc062723c751e8b465ee728b)  -> (artifact id: 'decdc6af009c47bef8e20ae89caa6925') in 0.052806 seconds 
========================================================================
Received Import Request.
  Time since last request: 0.692108 seconds.
  path: Assets/Sprites/Health/frame-4.png
  artifactKey: Guid(ddca9e5bb5b2e764d99de166ee6a6dec) Importer(815301076,1909f56bfc062723c751e8b465ee728b)
Start importing Assets/Sprites/Health/frame-4.png using Guid(ddca9e5bb5b2e764d99de166ee6a6dec) Importer(815301076,1909f56bfc062723c751e8b465ee728b)  -> (artifact id: 'e6944376fb69bed61bc779de552d3ae2') in 0.034790 seconds 
========================================================================
Received Import Request.
  Time since last request: 83.216303 seconds.
  path: Assets/Animation
  artifactKey: Guid(f5e768734e6849540ad19534efb0641d) Importer(815301076,1909f56bfc062723c751e8b465ee728b)
Start importing Assets/Animation using Guid(f5e768734e6849540ad19534efb0641d) Importer(815301076,1909f56bfc062723c751e8b465ee728b)  -> (artifact id: '18968ea238eba6a459756715fc00779b') in 0.008660 seconds 
========================================================================
Received Import Request.
  Time since last request: 94.256995 seconds.
  path: Assets/Sprites/Coin/New Prefab.prefab
  artifactKey: Guid(d120e4cba0266ce49914a227bdebbb13) Importer(815301076,1909f56bfc062723c751e8b465ee728b)
Start importing Assets/Sprites/Coin/New Prefab.prefab using Guid(d120e4cba0266ce49914a227bdebbb13) Importer(815301076,1909f56bfc062723c751e8b465ee728b)  -> (artifact id: '84703663d3bcabf0907bacac5dced9d4') in 0.021895 seconds 
========================================================================
Received Import Request.
  Time since last request: 15.946111 seconds.
  path: Assets/Sprites/Coin/Coin.prefab
  artifactKey: Guid(d120e4cba0266ce49914a227bdebbb13) Importer(815301076,1909f56bfc062723c751e8b465ee728b)
Start importing Assets/Sprites/Coin/Coin.prefab using Guid(d120e4cba0266ce49914a227bdebbb13) Importer(815301076,1909f56bfc062723c751e8b465ee728b)  -> (artifact id: '9cf831c6a9dcbbee912b2450fd4e9bce') in 0.004354 seconds 
========================================================================
Received Import Request.
  Time since last request: 13.965195 seconds.
  path: Assets/Sprites/Coin/Coin.prefab
  artifactKey: Guid(d120e4cba0266ce49914a227bdebbb13) Importer(815301076,1909f56bfc062723c751e8b465ee728b)
Start importing Assets/Sprites/Coin/Coin.prefab using Guid(d120e4cba0266ce49914a227bdebbb13) Importer(815301076,1909f56bfc062723c751e8b465ee728b)  -> (artifact id: 'c64eb97364c3b6fc187b281ea8d38f42') in 0.248192 seconds 
========================================================================
Received Import Request.
  Time since last request: 2.038118 seconds.
  path: Assets/Sprites/Coin/Coin.prefab
  artifactKey: Guid(d120e4cba0266ce49914a227bdebbb13) Importer(815301076,1909f56bfc062723c751e8b465ee728b)
Start importing Assets/Sprites/Coin/Coin.prefab using Guid(d120e4cba0266ce49914a227bdebbb13) Importer(815301076,1909f56bfc062723c751e8b465ee728b)  -> (artifact id: 'f157980ed4dca891fea2168efb94142a') in 0.099420 seconds 
========================================================================
Received Import Request.
  Time since last request: 63.029839 seconds.
  path: Assets/Sprites/Coin/Materials
  artifactKey: Guid(a12dc15635c584e49a0f7b7e754f1be2) Importer(815301076,1909f56bfc062723c751e8b465ee728b)
Start importing Assets/Sprites/Coin/Materials using Guid(a12dc15635c584e49a0f7b7e754f1be2) Importer(815301076,1909f56bfc062723c751e8b465ee728b)  -> (artifact id: 'c85f5f9a7e42c1dccb396deb05156be4') in 0.010729 seconds 
========================================================================
Received Import Request.
  Time since last request: 0.760118 seconds.
  path: Assets/Sprites/Coin/Materials/frame-1.mat
  artifactKey: Guid(9ad5f6d135c18464b8eb69574f60f308) Importer(815301076,1909f56bfc062723c751e8b465ee728b)
Start importing Assets/Sprites/Coin/Materials/frame-1.mat using Guid(9ad5f6d135c18464b8eb69574f60f308) Importer(815301076,1909f56bfc062723c751e8b465ee728b)  -> (artifact id: 'b862dacc0c06cc7c8bf493a63e01895c') in 0.033917 seconds 
========================================================================
Received Import Request.
  Time since last request: 7.320405 seconds.
  path: Assets/Sprites/Coin/Coin.prefab
  artifactKey: Guid(d120e4cba0266ce49914a227bdebbb13) Importer(815301076,1909f56bfc062723c751e8b465ee728b)
Start importing Assets/Sprites/Coin/Coin.prefab using Guid(d120e4cba0266ce49914a227bdebbb13) Importer(815301076,1909f56bfc062723c751e8b465ee728b)  -> (artifact id: '6600192cb6088c4bd819d076aeeeac18') in 0.013288 seconds 
========================================================================
Received Import Request.
  Time since last request: 7.615189 seconds.
  path: Assets/Sprites/Coin/Coin.prefab
  artifactKey: Guid(d120e4cba0266ce49914a227bdebbb13) Importer(815301076,1909f56bfc062723c751e8b465ee728b)
Start importing Assets/Sprites/Coin/Coin.prefab using Guid(d120e4cba0266ce49914a227bdebbb13) Importer(815301076,1909f56bfc062723c751e8b465ee728b)  -> (artifact id: '6cfb4c429e20b36f1d629ade01d96151') in 0.012289 seconds 
========================================================================
Received Import Request.
  Time since last request: 3.619387 seconds.
  path: Assets/Sprites/Coin/Coin.prefab
  artifactKey: Guid(d120e4cba0266ce49914a227bdebbb13) Importer(815301076,1909f56bfc062723c751e8b465ee728b)
Start importing Assets/Sprites/Coin/Coin.prefab using Guid(d120e4cba0266ce49914a227bdebbb13) Importer(815301076,1909f56bfc062723c751e8b465ee728b)  -> (artifact id: '52d65e4a187b8726c7f8b2721ba173b6') in 0.008823 seconds 
========================================================================
Received Import Request.
  Time since last request: 0.585601 seconds.
  path: Assets/Sprites/Coin/Coin.prefab
  artifactKey: Guid(d120e4cba0266ce49914a227bdebbb13) Importer(815301076,1909f56bfc062723c751e8b465ee728b)
Start importing Assets/Sprites/Coin/Coin.prefab using Guid(d120e4cba0266ce49914a227bdebbb13) Importer(815301076,1909f56bfc062723c751e8b465ee728b)  -> (artifact id: 'd685f3e9d830761fa622e490e1d0abcf') in 0.007073 seconds 
========================================================================
Received Import Request.
  Time since last request: 1.200880 seconds.
  path: Assets/Sprites/Coin/Coin.prefab
  artifactKey: Guid(d120e4cba0266ce49914a227bdebbb13) Importer(815301076,1909f56bfc062723c751e8b465ee728b)
Start importing Assets/Sprites/Coin/Coin.prefab using Guid(d120e4cba0266ce49914a227bdebbb13) Importer(815301076,1909f56bfc062723c751e8b465ee728b)  -> (artifact id: '676f16e3b4e82a58331084f4dcd89da5') in 0.014037 seconds 
========================================================================
Received Import Request.
  Time since last request: 3.062130 seconds.
  path: Assets/Sprites/Coin/Coin.prefab
  artifactKey: Guid(d120e4cba0266ce49914a227bdebbb13) Importer(815301076,1909f56bfc062723c751e8b465ee728b)
Start importing Assets/Sprites/Coin/Coin.prefab using Guid(d120e4cba0266ce49914a227bdebbb13) Importer(815301076,1909f56bfc062723c751e8b465ee728b)  -> (artifact id: '4422436898a16a53c91c5cecf7c38384') in 0.013932 seconds 
========================================================================
Received Import Request.
  Time since last request: 13.050882 seconds.
  path: Assets/Sprites/Coin/Coin.prefab
  artifactKey: Guid(d120e4cba0266ce49914a227bdebbb13) Importer(815301076,1909f56bfc062723c751e8b465ee728b)
Start importing Assets/Sprites/Coin/Coin.prefab using Guid(d120e4cba0266ce49914a227bdebbb13) Importer(815301076,1909f56bfc062723c751e8b465ee728b)  -> (artifact id: 'fcd5e5b9a9f1ad6192c4df6a13d9fa4a') in 0.013986 seconds 
========================================================================
Received Import Request.
  Time since last request: 1.998608 seconds.
  path: Assets/Sprites/Coin/Coin.prefab
  artifactKey: Guid(d120e4cba0266ce49914a227bdebbb13) Importer(815301076,1909f56bfc062723c751e8b465ee728b)
Start importing Assets/Sprites/Coin/Coin.prefab using Guid(d120e4cba0266ce49914a227bdebbb13) Importer(815301076,1909f56bfc062723c751e8b465ee728b)  -> (artifact id: '0822e47244ab242b2e46a4dea107ba0b') in 0.014497 seconds 
========================================================================
Received Import Request.
  Time since last request: 3.021972 seconds.
  path: Assets/Sprites/Coin/Coin.prefab
  artifactKey: Guid(d120e4cba0266ce49914a227bdebbb13) Importer(815301076,1909f56bfc062723c751e8b465ee728b)
Start importing Assets/Sprites/Coin/Coin.prefab using Guid(d120e4cba0266ce49914a227bdebbb13) Importer(815301076,1909f56bfc062723c751e8b465ee728b)  -> (artifact id: '9d109b490b696f8dc6410bc5bc542544') in 0.012862 seconds 
========================================================================
Received Import Request.
  Time since last request: 33.449408 seconds.
  path: Assets/Sprites/Coin/Coin.prefab
  artifactKey: Guid(d120e4cba0266ce49914a227bdebbb13) Importer(815301076,1909f56bfc062723c751e8b465ee728b)
Start importing Assets/Sprites/Coin/Coin.prefab using Guid(d120e4cba0266ce49914a227bdebbb13) Importer(815301076,1909f56bfc062723c751e8b465ee728b)  -> (artifact id: 'ce38d159f3e157536daad8d6b41bcfbc') in 0.013279 seconds 
========================================================================
Received Import Request.
  Time since last request: 3.009358 seconds.
  path: Assets/Sprites/Coin/Coin.prefab
  artifactKey: Guid(d120e4cba0266ce49914a227bdebbb13) Importer(815301076,1909f56bfc062723c751e8b465ee728b)
Start importing Assets/Sprites/Coin/Coin.prefab using Guid(d120e4cba0266ce49914a227bdebbb13) Importer(815301076,1909f56bfc062723c751e8b465ee728b)  -> (artifact id: '338990482d3079807f1fc1682cbea51d') in 0.014291 seconds 
========================================================================
Received Import Request.
  Time since last request: 2.808254 seconds.
  path: Assets/Sprites/Coin/Coin.prefab
  artifactKey: Guid(d120e4cba0266ce49914a227bdebbb13) Importer(815301076,1909f56bfc062723c751e8b465ee728b)
Start importing Assets/Sprites/Coin/Coin.prefab using Guid(d120e4cba0266ce49914a227bdebbb13) Importer(815301076,1909f56bfc062723c751e8b465ee728b)  -> (artifact id: 'ef56f71454368105c35007f0a3bfb94d') in 0.013650 seconds 
========================================================================
Received Import Request.
  Time since last request: 17.712617 seconds.
  path: Assets/Sprites/Coin/Coin.prefab
  artifactKey: Guid(d120e4cba0266ce49914a227bdebbb13) Importer(815301076,1909f56bfc062723c751e8b465ee728b)
Start importing Assets/Sprites/Coin/Coin.prefab using Guid(d120e4cba0266ce49914a227bdebbb13) Importer(815301076,1909f56bfc062723c751e8b465ee728b)  -> (artifact id: '0ba9695e2b4f970dd663e52d37e0fe94') in 0.014032 seconds 
========================================================================
Received Import Request.
  Time since last request: 48.412344 seconds.
  path: Assets/Scripts/Coin.cs
  artifactKey: Guid(e8f08cbac93564544b6bbd61d09955ec) Importer(815301076,1909f56bfc062723c751e8b465ee728b)
Start importing Assets/Scripts/Coin.cs using Guid(e8f08cbac93564544b6bbd61d09955ec) Importer(815301076,1909f56bfc062723c751e8b465ee728b)  -> (artifact id: '72e28a0db89f781e4de260d3dcb89810') in 0.013554 seconds 
========================================================================
Received Prepare
Registering precompiled user dll's ...
Registered in 0.006676 seconds.
Begin MonoManager ReloadAssembly
Native extension for WindowsStandalone target not found
Native extension for WebGL target not found
Refreshing native plugins compatible for Editor in 0.81 ms, found 3 plugins.
Preloading 0 native plugins for Editor in 0.00 ms.
Mono: successfully reloaded assembly
- Completed reload, in  1.130 seconds
Domain Reload Profiling:
	ReloadAssembly (1131ms)
		BeginReloadAssembly (172ms)
			ExecutionOrderSort (0ms)
			DisableScriptedObjects (6ms)
			BackupInstance (0ms)
			ReleaseScriptingObjects (0ms)
			CreateAndSetChildDomain (44ms)
		EndReloadAssembly (854ms)
			LoadAssemblies (112ms)
			RebuildTransferFunctionScriptingTraits (0ms)
			SetupTypeCache (293ms)
			ReleaseScriptCaches (1ms)
			RebuildScriptCaches (38ms)
			SetupLoadedEditorAssemblies (394ms)
				LogAssemblyErrors (0ms)
				InitializePlatformSupportModulesInManaged (9ms)
				SetLoadedEditorAssemblies (0ms)
				RefreshPlugins (1ms)
				BeforeProcessingInitializeOnLoad (63ms)
				ProcessInitializeOnLoadAttributes (294ms)
				ProcessInitializeOnLoadMethodAttributes (16ms)
				AfterProcessingInitializeOnLoad (10ms)
				EditorAssembliesLoaded (0ms)
			ExecutionOrderSort2 (0ms)
			AwakeInstancesAfterBackupRestoration (7ms)
Platform modules already initialized, skipping
Refreshing native plugins compatible for Editor in 3.73 ms, found 3 plugins.
Preloading 0 native plugins for Editor in 0.00 ms.
Unloading 3069 Unused Serialized files (Serialized files now loaded: 0)
Unloading 16 unused Assets / (24.6 KB). Loaded Objects now: 3601.
Memory consumption went from 114.6 MB to 114.6 MB.
Total: 5.000200 ms (FindLiveObjects: 0.343000 ms CreateObjectMapping: 0.277700 ms MarkObjects: 4.344600 ms  DeleteObjects: 0.033200 ms)

AssetImportParameters requested are different than current active one (requested -> active):
  custom:video-decoder-ogg-theora: a1e56fd34408186e4bbccfd4996cb3dc -> 
  custom:container-muxer-webm: aa71ff27fc2769a1b78a27578f13a17b -> 
  custom:container-demuxer-webm: 4f35f7cbe854078d1ac9338744f61a02 -> 
  custom:video-encoder-webm-vp8: eb34c28f22e8b96e1ab97ce403110664 -> 
  custom:video-codec-MediaFoundation-h265: 746d11721c4dcdbdad8f713fa42b33f4 -> 
  custom:audio-encoder-webm-vorbis: bf7c407c2cedff20999df2af8eb42d56 -> 
  custom:framework-win-MediaFoundation: 216162199b28c13a410421893ffa2e32 -> 
  custom:container-demuxer-ogg: 62fdf1f143b41e24485cea50d1cbac27 -> 
  custom:video-decoder-webm-vp8: 9c59270c3fd7afecdb556c50c9e8de78 -> 
  custom:audio-decoder-ogg-vorbis: bf7c407c2cedff20999df2af8eb42d56 -> 
========================================================================
Received Import Request.
  Time since last request: 28.943133 seconds.
  path: Assets/Scripts/GameManager.cs
  artifactKey: Guid(7f5ce750b4b56ea4caf469164c21ae56) Importer(815301076,1909f56bfc062723c751e8b465ee728b)
Start importing Assets/Scripts/GameManager.cs using Guid(7f5ce750b4b56ea4caf469164c21ae56) Importer(815301076,1909f56bfc062723c751e8b465ee728b)  -> (artifact id: '07ea72f854507d12934251fa999a6b68') in 0.015574 seconds 
========================================================================
Received Import Request.
  Time since last request: 327.183865 seconds.
  path: Assets/Scripts/GameManager.cs
  artifactKey: Guid(7f5ce750b4b56ea4caf469164c21ae56) Importer(815301076,1909f56bfc062723c751e8b465ee728b)
Start importing Assets/Scripts/GameManager.cs using Guid(7f5ce750b4b56ea4caf469164c21ae56) Importer(815301076,1909f56bfc062723c751e8b465ee728b)  -> (artifact id: 'e7e5c681a9ad4c2901db35811304eec5') in 0.004458 seconds 
========================================================================
Received Import Request.
  Time since last request: 24.694534 seconds.
  path: Assets/Scenes
  artifactKey: Guid(c07aae6bdd456e94d9523bf68ab2a865) Importer(815301076,1909f56bfc062723c751e8b465ee728b)
Start importing Assets/Scenes using Guid(c07aae6bdd456e94d9523bf68ab2a865) Importer(815301076,1909f56bfc062723c751e8b465ee728b)  -> (artifact id: '83fae83f2763aedbe3b29e8819a3b6a0') in 0.011811 seconds 
========================================================================
Received Import Request.
  Time since last request: 5.263952 seconds.
  path: Assets/Sprites/Coin/Coin.prefab
  artifactKey: Guid(d120e4cba0266ce49914a227bdebbb13) Importer(815301076,1909f56bfc062723c751e8b465ee728b)
Start importing Assets/Sprites/Coin/Coin.prefab using Guid(d120e4cba0266ce49914a227bdebbb13) Importer(815301076,1909f56bfc062723c751e8b465ee728b)  -> (artifact id: '898429bda5294135fcbbdc0b647d11ce') in 0.077925 seconds 
========================================================================
Received Import Request.
  Time since last request: 4.190382 seconds.
  path: Assets/Sprites/Coin/Coin.prefab
  artifactKey: Guid(d120e4cba0266ce49914a227bdebbb13) Importer(815301076,1909f56bfc062723c751e8b465ee728b)
Start importing Assets/Sprites/Coin/Coin.prefab using Guid(d120e4cba0266ce49914a227bdebbb13) Importer(815301076,1909f56bfc062723c751e8b465ee728b)  -> (artifact id: '3ceb2c63eee0ad59664844c4e5d42b08') in 0.025560 seconds 
========================================================================
Received Import Request.
  Time since last request: 134.376303 seconds.
  path: Assets/Scripts/Enemy.cs
  artifactKey: Guid(9c1787c4f8f4eae41836c2a6bca2f6b3) Importer(815301076,1909f56bfc062723c751e8b465ee728b)
Start importing Assets/Scripts/Enemy.cs using Guid(9c1787c4f8f4eae41836c2a6bca2f6b3) Importer(815301076,1909f56bfc062723c751e8b465ee728b)  -> (artifact id: '80f2ff40f68df138d1be89c03d6788dd') in 0.002422 seconds 
========================================================================
Received Import Request.
  Time since last request: 475.185151 seconds.
  path: Assets/Sprites/Coin/frame-1.png
  artifactKey: Guid(73d370a85823ad6419dfea6680f1b1c0) Importer(815301076,1909f56bfc062723c751e8b465ee728b)
Start importing Assets/Sprites/Coin/frame-1.png using Guid(73d370a85823ad6419dfea6680f1b1c0) Importer(815301076,1909f56bfc062723c751e8b465ee728b)  -> (artifact id: 'f92f74f2bf8eb0e79172cb71c497b38a') in 0.060590 seconds 
========================================================================
Received Import Request.
  Time since last request: 0.000030 seconds.
  path: Assets/Sprites/Coin/frame-6.png
  artifactKey: Guid(e2480be2f2f5cb7428002bedc1a2fddf) Importer(815301076,1909f56bfc062723c751e8b465ee728b)
Start importing Assets/Sprites/Coin/frame-6.png using Guid(e2480be2f2f5cb7428002bedc1a2fddf) Importer(815301076,1909f56bfc062723c751e8b465ee728b)  -> (artifact id: '3e38c2e23d7bd11e30313b4b27480f3e') in 0.033336 seconds 
========================================================================
Received Import Request.
  Time since last request: 0.000025 seconds.
  path: Assets/Sprites/Coin/frame-9.png
  artifactKey: Guid(fc9b9070d1b97ab448c57d2a09ce5b0a) Importer(815301076,1909f56bfc062723c751e8b465ee728b)
Start importing Assets/Sprites/Coin/frame-9.png using Guid(fc9b9070d1b97ab448c57d2a09ce5b0a) Importer(815301076,1909f56bfc062723c751e8b465ee728b)  -> (artifact id: 'fd726fb99636fdc3081ea605d430879d') in 0.045745 seconds 
========================================================================
Received Import Request.
  Time since last request: 0.000044 seconds.
  path: Assets/Sprites/Coin/frame-8.png
  artifactKey: Guid(751c977b7d9854f45a34d786a39ce97c) Importer(815301076,1909f56bfc062723c751e8b465ee728b)
Start importing Assets/Sprites/Coin/frame-8.png using Guid(751c977b7d9854f45a34d786a39ce97c) Importer(815301076,1909f56bfc062723c751e8b465ee728b)  -> (artifact id: '8a1e7f01e5346b30f96fae26d2ce75b9') in 0.039931 seconds 
========================================================================
Received Import Request.
  Time since last request: 0.000029 seconds.
  path: Assets/Sprites/Coin/frame-4.png
  artifactKey: Guid(8fbefc1e746fd9e4ea501e02a595b861) Importer(815301076,1909f56bfc062723c751e8b465ee728b)
Start importing Assets/Sprites/Coin/frame-4.png using Guid(8fbefc1e746fd9e4ea501e02a595b861) Importer(815301076,1909f56bfc062723c751e8b465ee728b)  -> (artifact id: '055b8917fbba00e8b89a5cb0cc73b28e') in 0.058508 seconds 
========================================================================
Received Import Request.
  Time since last request: 3.266590 seconds.
  path: Assets/Sprites/Coin/frame-2.png
  artifactKey: Guid(9056ed0f87c2a29428914005d92f8124) Importer(815301076,1909f56bfc062723c751e8b465ee728b)
Start importing Assets/Sprites/Coin/frame-2.png using Guid(9056ed0f87c2a29428914005d92f8124) Importer(815301076,1909f56bfc062723c751e8b465ee728b)  -> (artifact id: '6f5404d9e0ace72a96f3d7c84890282d') in 0.029443 seconds 
Editor requested this worker to shutdown with reason: Scaling down because of idle timeout
AssetImportWorker is now disconnected from the server
Process exiting
Exiting without the bug reporter. Application will terminate with return code 0