Using pre-set license
Built from '2021.3/staging' branch; Version is '2021.3.22f1 (b6c551784ba3) revision 11978065'; Using compiler version '192829333'; Build Type 'Release'
OS: 'Windows 11  (10.0.22631) 64bit Core' Language: 'en' Physical Memory: 24505 MB
BatchMode: 1, IsHumanControllingUs: 0, StartBugReporterOnCrash: 0, Is64bit: 1, IsPro: 1

COMMAND LINE ARGUMENTS:
C:\Program Files\Unity\Hub\Editor\2021.3.22f1\Editor\Unity.exe
-adb2
-batchMode
-noUpm
-name
AssetImportWorker8
-projectPath
C:/Users/jadyn/OneDrive/Documents/UCF/Fall24/UnityProjects/Fighter_Planes_F24
-logFile
Logs/AssetImportWorker8.log
-srvPort
56976
Successfully changed project path to: C:/Users/jadyn/OneDrive/Documents/UCF/Fall24/UnityProjects/Fighter_Planes_F24
C:/Users/jadyn/OneDrive/Documents/UCF/Fall24/UnityProjects/Fighter_Planes_F24
[UnityMemory] Configuration Parameters - Can be set up in boot.config
    "memorysetup-bucket-allocator-granularity=16"
    "memorysetup-bucket-allocator-bucket-count=8"
    "memorysetup-bucket-allocator-block-size=33554432"
    "memorysetup-bucket-allocator-block-count=8"
    "memorysetup-main-allocator-block-size=16777216"
    "memorysetup-thread-allocator-block-size=16777216"
    "memorysetup-gfx-main-allocator-block-size=16777216"
    "memorysetup-gfx-thread-allocator-block-size=16777216"
    "memorysetup-cache-allocator-block-size=4194304"
    "memorysetup-typetree-allocator-block-size=2097152"
    "memorysetup-profiler-bucket-allocator-granularity=16"
    "memorysetup-profiler-bucket-allocator-bucket-count=8"
    "memorysetup-profiler-bucket-allocator-block-size=33554432"
    "memorysetup-profiler-bucket-allocator-block-count=8"
    "memorysetup-profiler-allocator-block-size=16777216"
    "memorysetup-profiler-editor-allocator-block-size=1048576"
    "memorysetup-temp-allocator-size-main=16777216"
    "memorysetup-job-temp-allocator-block-size=2097152"
    "memorysetup-job-temp-allocator-block-size-background=1048576"
    "memorysetup-job-temp-allocator-reduction-small-platforms=262144"
    "memorysetup-temp-allocator-size-background-worker=32768"
    "memorysetup-temp-allocator-size-job-worker=262144"
    "memorysetup-temp-allocator-size-preload-manager=33554432"
    "memorysetup-temp-allocator-size-nav-mesh-worker=65536"
    "memorysetup-temp-allocator-size-audio-worker=65536"
    "memorysetup-temp-allocator-size-cloud-worker=32768"
    "memorysetup-temp-allocator-size-gi-baking-worker=262144"
    "memorysetup-temp-allocator-size-gfx=262144"
Player connection [42232] Host "[IP] 192.168.1.242 [Port] 0 [Flags] 2 [Guid] 2875176552 [EditorId] 2875176552 [Version] 1048832 [Id] WindowsEditor(7,JadynPC) [Debug] 1 [PackageName] WindowsEditor [ProjectName] Editor" joined multi-casting on [225.0.0.222:54997]...

Player connection [42232] Host "[IP] 192.168.1.242 [Port] 0 [Flags] 2 [Guid] 2875176552 [EditorId] 2875176552 [Version] 1048832 [Id] WindowsEditor(7,JadynPC) [Debug] 1 [PackageName] WindowsEditor [ProjectName] Editor" joined alternative multi-casting on [225.0.0.222:34997]...

Refreshing native plugins compatible for Editor in 78.37 ms, found 3 plugins.
Preloading 0 native plugins for Editor in 0.00 ms.
Initialize engine version: 2021.3.22f1 (b6c551784ba3)
[Subsystems] Discovering subsystems at path C:/Program Files/Unity/Hub/Editor/2021.3.22f1/Editor/Data/Resources/UnitySubsystems
[Subsystems] Discovering subsystems at path C:/Users/jadyn/OneDrive/Documents/UCF/Fall24/UnityProjects/Fighter_Planes_F24/Assets
GfxDevice: creating device client; threaded=0; jobified=0
Direct3D:
    Version:  Direct3D 11.0 [level 11.1]
    Renderer: NVIDIA GeForce RTX 2080 (ID=0x1e87)
    Vendor:   NVIDIA
    VRAM:     8002 MB
    Driver:   31.0.15.4617
Initialize mono
Mono path[0] = 'C:/Program Files/Unity/Hub/Editor/2021.3.22f1/Editor/Data/Managed'
Mono path[1] = 'C:/Program Files/Unity/Hub/Editor/2021.3.22f1/Editor/Data/MonoBleedingEdge/lib/mono/unityjit-win32'
Mono config path = 'C:/Program Files/Unity/Hub/Editor/2021.3.22f1/Editor/Data/MonoBleedingEdge/etc'
Using monoOptions --debugger-agent=transport=dt_socket,embedding=1,server=y,suspend=n,address=127.0.0.1:56560
Begin MonoManager ReloadAssembly
Registering precompiled unity dll's ...
Register platform support module: C:/Program Files/Unity/Hub/Editor/2021.3.22f1/Editor/Data/PlaybackEngines/WebGLSupport/UnityEditor.WebGL.Extensions.dll
Register platform support module: C:/Program Files/Unity/Hub/Editor/2021.3.22f1/Editor/Data/PlaybackEngines/WindowsStandaloneSupport/UnityEditor.WindowsStandalone.Extensions.dll
Registered in 0.008969 seconds.
Native extension for WindowsStandalone target not found
Native extension for WebGL target not found
Refreshing native plugins compatible for Editor in 74.12 ms, found 3 plugins.
Preloading 0 native plugins for Editor in 0.00 ms.
Mono: successfully reloaded assembly
- Completed reload, in  0.656 seconds
Domain Reload Profiling:
	ReloadAssembly (656ms)
		BeginReloadAssembly (87ms)
			ExecutionOrderSort (0ms)
			DisableScriptedObjects (0ms)
			BackupInstance (0ms)
			ReleaseScriptingObjects (0ms)
			CreateAndSetChildDomain (1ms)
		EndReloadAssembly (465ms)
			LoadAssemblies (85ms)
			RebuildTransferFunctionScriptingTraits (0ms)
			SetupTypeCache (102ms)
			ReleaseScriptCaches (0ms)
			RebuildScriptCaches (42ms)
			SetupLoadedEditorAssemblies (271ms)
				LogAssemblyErrors (0ms)
				InitializePlatformSupportModulesInManaged (9ms)
				SetLoadedEditorAssemblies (0ms)
				RefreshPlugins (74ms)
				BeforeProcessingInitializeOnLoad (1ms)
				ProcessInitializeOnLoadAttributes (140ms)
				ProcessInitializeOnLoadMethodAttributes (46ms)
				AfterProcessingInitializeOnLoad (0ms)
				EditorAssembliesLoaded (0ms)
			ExecutionOrderSort2 (0ms)
			AwakeInstancesAfterBackupRestoration (0ms)
Platform modules already initialized, skipping
Registering precompiled user dll's ...
Registered in 0.007357 seconds.
Begin MonoManager ReloadAssembly
Native extension for WindowsStandalone target not found
Native extension for WebGL target not found
Refreshing native plugins compatible for Editor in 0.47 ms, found 3 plugins.
Preloading 0 native plugins for Editor in 0.00 ms.
Mono: successfully reloaded assembly
- Completed reload, in  1.182 seconds
Domain Reload Profiling:
	ReloadAssembly (1183ms)
		BeginReloadAssembly (148ms)
			ExecutionOrderSort (0ms)
			DisableScriptedObjects (6ms)
			BackupInstance (0ms)
			ReleaseScriptingObjects (0ms)
			CreateAndSetChildDomain (20ms)
		EndReloadAssembly (929ms)
			LoadAssemblies (89ms)
			RebuildTransferFunctionScriptingTraits (0ms)
			SetupTypeCache (276ms)
			ReleaseScriptCaches (1ms)
			RebuildScriptCaches (73ms)
			SetupLoadedEditorAssemblies (435ms)
				LogAssemblyErrors (0ms)
				InitializePlatformSupportModulesInManaged (8ms)
				SetLoadedEditorAssemblies (1ms)
				RefreshPlugins (1ms)
				BeforeProcessingInitializeOnLoad (83ms)
				ProcessInitializeOnLoadAttributes (315ms)
				ProcessInitializeOnLoadMethodAttributes (18ms)
				AfterProcessingInitializeOnLoad (10ms)
				EditorAssembliesLoaded (0ms)
			ExecutionOrderSort2 (0ms)
			AwakeInstancesAfterBackupRestoration (8ms)
Platform modules already initialized, skipping
========================================================================
Worker process is ready to serve import requests
Launched and connected shader compiler UnityShaderCompiler.exe after 0.05 seconds
Refreshing native plugins compatible for Editor in 0.48 ms, found 3 plugins.
Preloading 0 native plugins for Editor in 0.00 ms.
Unloading 3088 Unused Serialized files (Serialized files now loaded: 0)
Unloading 23 unused Assets / (56.2 KB). Loaded Objects now: 3549.
Memory consumption went from 111.5 MB to 111.4 MB.
Total: 2.806200 ms (FindLiveObjects: 0.232800 ms CreateObjectMapping: 0.150000 ms MarkObjects: 2.354000 ms  DeleteObjects: 0.068300 ms)

AssetImportParameters requested are different than current active one (requested -> active):
  custom:video-decoder-ogg-theora: a1e56fd34408186e4bbccfd4996cb3dc -> 
  custom:container-muxer-webm: aa71ff27fc2769a1b78a27578f13a17b -> 
  custom:container-demuxer-webm: 4f35f7cbe854078d1ac9338744f61a02 -> 
  custom:video-encoder-webm-vp8: eb34c28f22e8b96e1ab97ce403110664 -> 
  custom:video-codec-MediaFoundation-h265: 746d11721c4dcdbdad8f713fa42b33f4 -> 
  custom:audio-encoder-webm-vorbis: bf7c407c2cedff20999df2af8eb42d56 -> 
  custom:framework-win-MediaFoundation: 216162199b28c13a410421893ffa2e32 -> 
  custom:container-demuxer-ogg: 62fdf1f143b41e24485cea50d1cbac27 -> 
  custom:video-decoder-webm-vp8: 9c59270c3fd7afecdb556c50c9e8de78 -> 
  custom:audio-decoder-ogg-vorbis: bf7c407c2cedff20999df2af8eb42d56 -> 
========================================================================
Received Import Request.
  Time since last request: 521903.505395 seconds.
  path: Assets/Sprites/Thruster
  artifactKey: Guid(6655418c50a4a594b84d735a67f8db90) Importer(815301076,1909f56bfc062723c751e8b465ee728b)
Start importing Assets/Sprites/Thruster using Guid(6655418c50a4a594b84d735a67f8db90) Importer(815301076,1909f56bfc062723c751e8b465ee728b)  -> (artifact id: 'e0ac28b4213c1205c332ba297605038c') in 0.017372 seconds 
========================================================================
Received Import Request.
  Time since last request: 0.044547 seconds.
  path: Assets/Sprites/Thruster/Thruster_00000.png
  artifactKey: Guid(5ea388b03c4e3384c90f4bdefdf591db) Importer(815301076,1909f56bfc062723c751e8b465ee728b)
Start importing Assets/Sprites/Thruster/Thruster_00000.png using Guid(5ea388b03c4e3384c90f4bdefdf591db) Importer(815301076,1909f56bfc062723c751e8b465ee728b)  -> (artifact id: 'ecfcada847dd99d0a2e402cad9b728c2') in 0.241411 seconds 
========================================================================
Received Import Request.
  Time since last request: 0.000026 seconds.
  path: Assets/Sprites/Thruster/Thruster_00014.png
  artifactKey: Guid(b429618993ac9a74ca3f0c298af9d231) Importer(815301076,1909f56bfc062723c751e8b465ee728b)
Start importing Assets/Sprites/Thruster/Thruster_00014.png using Guid(b429618993ac9a74ca3f0c298af9d231) Importer(815301076,1909f56bfc062723c751e8b465ee728b)  -> (artifact id: 'f4aa4b130ebd7e24531847ed726a59f4') in 0.033378 seconds 
========================================================================
Received Import Request.
  Time since last request: 0.000035 seconds.
  path: Assets/Sprites/Thruster/Thruster_00004.png
  artifactKey: Guid(38b23a0b2b5d7894b97e7f462d948dcb) Importer(815301076,1909f56bfc062723c751e8b465ee728b)
Start importing Assets/Sprites/Thruster/Thruster_00004.png using Guid(38b23a0b2b5d7894b97e7f462d948dcb) Importer(815301076,1909f56bfc062723c751e8b465ee728b)  -> (artifact id: '35bb9bddc55f213f106100d78796043a') in 0.025140 seconds 
========================================================================
Received Import Request.
  Time since last request: 0.000038 seconds.
  path: Assets/Sprites/Thruster/Thruster_00016.png
  artifactKey: Guid(1eeaf183c80ca0045a682e0109ddf096) Importer(815301076,1909f56bfc062723c751e8b465ee728b)
Start importing Assets/Sprites/Thruster/Thruster_00016.png using Guid(1eeaf183c80ca0045a682e0109ddf096) Importer(815301076,1909f56bfc062723c751e8b465ee728b)  -> (artifact id: '7a52daa9ba8e7c8ed275043ab036b67e') in 0.024638 seconds 
========================================================================
Received Import Request.
  Time since last request: 0.000053 seconds.
  path: Assets/Sprites/Thruster/Thruster_00008.png
  artifactKey: Guid(8c860ab0f166d9b439218789cf3bc415) Importer(815301076,1909f56bfc062723c751e8b465ee728b)
Start importing Assets/Sprites/Thruster/Thruster_00008.png using Guid(8c860ab0f166d9b439218789cf3bc415) Importer(815301076,1909f56bfc062723c751e8b465ee728b)  -> (artifact id: 'b471ae0368fb559a76e2dca47d5d61b2') in 0.021734 seconds 
========================================================================
Received Import Request.
  Time since last request: 0.000028 seconds.
  path: Assets/Sprites/Thruster/Thruster_00007.png
  artifactKey: Guid(ae5d2cb3f6bee654c9413608b3181727) Importer(815301076,1909f56bfc062723c751e8b465ee728b)
Start importing Assets/Sprites/Thruster/Thruster_00007.png using Guid(ae5d2cb3f6bee654c9413608b3181727) Importer(815301076,1909f56bfc062723c751e8b465ee728b)  -> (artifact id: '7b48b1dc9281250a9d13932a49c598f3') in 0.022701 seconds 
========================================================================
Received Import Request.
  Time since last request: 0.000023 seconds.
  path: Assets/Sprites/Thruster/Thruster_00006.png
  artifactKey: Guid(838b08a89c0278f46aee3881295781ca) Importer(815301076,1909f56bfc062723c751e8b465ee728b)
Start importing Assets/Sprites/Thruster/Thruster_00006.png using Guid(838b08a89c0278f46aee3881295781ca) Importer(815301076,1909f56bfc062723c751e8b465ee728b)  -> (artifact id: '8dbdf5808fcc19091791e84e95e6fbe2') in 0.043591 seconds 
========================================================================
Received Import Request.
  Time since last request: 0.000027 seconds.
  path: Assets/Sprites/Thruster/Thruster_00017.png
  artifactKey: Guid(111da7809f0b1254bb455f5b0e4a4d10) Importer(815301076,1909f56bfc062723c751e8b465ee728b)
Start importing Assets/Sprites/Thruster/Thruster_00017.png using Guid(111da7809f0b1254bb455f5b0e4a4d10) Importer(815301076,1909f56bfc062723c751e8b465ee728b)  -> (artifact id: 'a16b1bba5401a16860917bb424202b6d') in 0.023237 seconds 
========================================================================
Received Import Request.
  Time since last request: 2.122889 seconds.
  path: Assets/Sprites/Player_Shield
  artifactKey: Guid(f4beb95e3f7a63347a9f7494ee24c175) Importer(815301076,1909f56bfc062723c751e8b465ee728b)
Start importing Assets/Sprites/Player_Shield using Guid(f4beb95e3f7a63347a9f7494ee24c175) Importer(815301076,1909f56bfc062723c751e8b465ee728b)  -> (artifact id: 'd37453cd600f7250986bf897c1bb09cf') in 0.077115 seconds 
========================================================================
Received Import Request.
  Time since last request: 0.000039 seconds.
  path: Assets/Sprites/Player_Shield/Shields_00011.png
  artifactKey: Guid(7bfbfb2071e0acd4b9709e505fc4dccb) Importer(815301076,1909f56bfc062723c751e8b465ee728b)
Start importing Assets/Sprites/Player_Shield/Shields_00011.png using Guid(7bfbfb2071e0acd4b9709e505fc4dccb) Importer(815301076,1909f56bfc062723c751e8b465ee728b)  -> (artifact id: '322eae360f5ed583d9b376a488f8ca8f') in 0.035492 seconds 
========================================================================
Received Import Request.
  Time since last request: 0.000027 seconds.
  path: Assets/Sprites/Player_Shield/Shields_00013.png
  artifactKey: Guid(446eabfb35609f944bfb0e9febb309fa) Importer(815301076,1909f56bfc062723c751e8b465ee728b)
Start importing Assets/Sprites/Player_Shield/Shields_00013.png using Guid(446eabfb35609f944bfb0e9febb309fa) Importer(815301076,1909f56bfc062723c751e8b465ee728b)  -> (artifact id: '085cafd3adb5a50f384c3b3d8ac8c67f') in 0.057228 seconds 
========================================================================
Received Import Request.
  Time since last request: 0.000085 seconds.
  path: Assets/Sprites/Player_Shield/Shields_00005.png
  artifactKey: Guid(ec52db7c2b08e9847b5a4f41405f247e) Importer(815301076,1909f56bfc062723c751e8b465ee728b)
Start importing Assets/Sprites/Player_Shield/Shields_00005.png using Guid(ec52db7c2b08e9847b5a4f41405f247e) Importer(815301076,1909f56bfc062723c751e8b465ee728b)  -> (artifact id: 'c168b144f4ba7a581f3f09409e89551d') in 0.040786 seconds 
========================================================================
Received Import Request.
  Time since last request: 0.000040 seconds.
  path: Assets/Sprites/Player_Shield/Shields_00003.png
  artifactKey: Guid(7c0f15cf3eaa50b40ad9f83e83a5ef8e) Importer(815301076,1909f56bfc062723c751e8b465ee728b)
Start importing Assets/Sprites/Player_Shield/Shields_00003.png using Guid(7c0f15cf3eaa50b40ad9f83e83a5ef8e) Importer(815301076,1909f56bfc062723c751e8b465ee728b)  -> (artifact id: 'f4a476a06b567bc0cc3cd6305623b6f9') in 0.037961 seconds 
========================================================================
Received Import Request.
  Time since last request: 0.000030 seconds.
  path: Assets/Sprites/Player_Shield/Shields_00008.png
  artifactKey: Guid(04a9648eb99a52f44b7abede0e2229db) Importer(815301076,1909f56bfc062723c751e8b465ee728b)
Start importing Assets/Sprites/Player_Shield/Shields_00008.png using Guid(04a9648eb99a52f44b7abede0e2229db) Importer(815301076,1909f56bfc062723c751e8b465ee728b)  -> (artifact id: 'af48fe6aac34aaf562792aa6e973da7a') in 0.032373 seconds 
========================================================================
Received Import Request.
  Time since last request: 0.000032 seconds.
  path: Assets/Sprites/Player_Shield/Shields_00001.png
  artifactKey: Guid(3d6805ebbaad4fb42b07a2022fa7e146) Importer(815301076,1909f56bfc062723c751e8b465ee728b)
Start importing Assets/Sprites/Player_Shield/Shields_00001.png using Guid(3d6805ebbaad4fb42b07a2022fa7e146) Importer(815301076,1909f56bfc062723c751e8b465ee728b)  -> (artifact id: 'ac67c138f583c6481ceba93234231337') in 0.100383 seconds 
========================================================================
Received Import Request.
  Time since last request: 0.000032 seconds.
  path: Assets/Sprites/Player_Shield/Shields_00007.png
  artifactKey: Guid(79a59fb7e2ad573478107116899b687f) Importer(815301076,1909f56bfc062723c751e8b465ee728b)
Start importing Assets/Sprites/Player_Shield/Shields_00007.png using Guid(79a59fb7e2ad573478107116899b687f) Importer(815301076,1909f56bfc062723c751e8b465ee728b)  -> (artifact id: '35d613f70010ad05b4f11c8183ec96bd') in 0.042155 seconds 
========================================================================
Received Import Request.
  Time since last request: 0.000049 seconds.
  path: Assets/Sprites/Player_Shield/Shields_00004.png
  artifactKey: Guid(ea40cfc6ae6746541a26bd056bd2bc75) Importer(815301076,1909f56bfc062723c751e8b465ee728b)
Start importing Assets/Sprites/Player_Shield/Shields_00004.png using Guid(ea40cfc6ae6746541a26bd056bd2bc75) Importer(815301076,1909f56bfc062723c751e8b465ee728b)  -> (artifact id: '8659bc32897409a55062116cf9a81d0e') in 0.034552 seconds 
========================================================================
Received Import Request.
  Time since last request: 0.000029 seconds.
  path: Assets/Sprites/Player_Shield/Shields_00006.png
  artifactKey: Guid(102380714f29fe64188f54073e2b32e5) Importer(815301076,1909f56bfc062723c751e8b465ee728b)
Start importing Assets/Sprites/Player_Shield/Shields_00006.png using Guid(102380714f29fe64188f54073e2b32e5) Importer(815301076,1909f56bfc062723c751e8b465ee728b)  -> (artifact id: '27db9b661780475e31b90e959d172698') in 0.040932 seconds 
========================================================================
Received Import Request.
  Time since last request: 1.694557 seconds.
  path: Assets/Sprites/Explosion
  artifactKey: Guid(db07a367fa02c684aadf51cbe5a7642c) Importer(815301076,1909f56bfc062723c751e8b465ee728b)
Start importing Assets/Sprites/Explosion using Guid(db07a367fa02c684aadf51cbe5a7642c) Importer(815301076,1909f56bfc062723c751e8b465ee728b)  -> (artifact id: '2386624fbccac8707e7cacd408fd2618') in 0.005531 seconds 
========================================================================
Received Import Request.
  Time since last request: 6.119244 seconds.
  path: Assets/Sprites/Explosion/Explosion_00002.png
  artifactKey: Guid(bd62cd567b6d96746a610a52491c651b) Importer(815301076,1909f56bfc062723c751e8b465ee728b)
Start importing Assets/Sprites/Explosion/Explosion_00002.png using Guid(bd62cd567b6d96746a610a52491c651b) Importer(815301076,1909f56bfc062723c751e8b465ee728b)  -> (artifact id: '64c35b205948b03eb25a14d29ba0d026') in 0.105843 seconds 
========================================================================
Received Import Request.
  Time since last request: 0.000027 seconds.
  path: Assets/Sprites/Explosion/Explosion_00070.png
  artifactKey: Guid(ecbfaab8cb327a448a2a57254f06441c) Importer(815301076,1909f56bfc062723c751e8b465ee728b)
Start importing Assets/Sprites/Explosion/Explosion_00070.png using Guid(ecbfaab8cb327a448a2a57254f06441c) Importer(815301076,1909f56bfc062723c751e8b465ee728b)  -> (artifact id: 'db5794c77b826b1e0ea74e61adbdd443') in 0.063716 seconds 
========================================================================
Received Import Request.
  Time since last request: 0.000033 seconds.
  path: Assets/Sprites/Explosion/Explosion_00081.png
  artifactKey: Guid(a5f2292f3fe014e4fab99a2b1f3eec46) Importer(815301076,1909f56bfc062723c751e8b465ee728b)
Start importing Assets/Sprites/Explosion/Explosion_00081.png using Guid(a5f2292f3fe014e4fab99a2b1f3eec46) Importer(815301076,1909f56bfc062723c751e8b465ee728b)  -> (artifact id: '57c8dc214b7f054e2314bec9ac9a91f3') in 0.060730 seconds 
========================================================================
Received Import Request.
  Time since last request: 0.000029 seconds.
  path: Assets/Sprites/Explosion/Explosion_00023.png
  artifactKey: Guid(17bd233720478eb489e9ef6aaff2b97b) Importer(815301076,1909f56bfc062723c751e8b465ee728b)
Start importing Assets/Sprites/Explosion/Explosion_00023.png using Guid(17bd233720478eb489e9ef6aaff2b97b) Importer(815301076,1909f56bfc062723c751e8b465ee728b)  -> (artifact id: 'e8d402c1dc9f068de11011c8b7a8b903') in 0.045311 seconds 
========================================================================
Received Import Request.
  Time since last request: 0.000026 seconds.
  path: Assets/Sprites/Explosion/Explosion_00026.png
  artifactKey: Guid(3d72ae9cbcdb5d243b55f2cdcae43f1b) Importer(815301076,1909f56bfc062723c751e8b465ee728b)
Start importing Assets/Sprites/Explosion/Explosion_00026.png using Guid(3d72ae9cbcdb5d243b55f2cdcae43f1b) Importer(815301076,1909f56bfc062723c751e8b465ee728b)  -> (artifact id: '82e05f27e95038b4edbe4c4b2b6fc063') in 0.069242 seconds 
========================================================================
Received Import Request.
  Time since last request: 0.000026 seconds.
  path: Assets/Sprites/Explosion/Explosion_00084.png
  artifactKey: Guid(4709d00723725814dbfc0f0d03c9ff4c) Importer(815301076,1909f56bfc062723c751e8b465ee728b)
Start importing Assets/Sprites/Explosion/Explosion_00084.png using Guid(4709d00723725814dbfc0f0d03c9ff4c) Importer(815301076,1909f56bfc062723c751e8b465ee728b)  -> (artifact id: '56c7e75fc220d372a5c6fdc6e7061c2c') in 0.068795 seconds 
========================================================================
Received Import Request.
  Time since last request: 0.000029 seconds.
  path: Assets/Sprites/Explosion/Explosion_00024.png
  artifactKey: Guid(6a4d259b2754123459bf683c0168939d) Importer(815301076,1909f56bfc062723c751e8b465ee728b)
Start importing Assets/Sprites/Explosion/Explosion_00024.png using Guid(6a4d259b2754123459bf683c0168939d) Importer(815301076,1909f56bfc062723c751e8b465ee728b)  -> (artifact id: '3d3f8c98a1f8c3afe3c63a1cb3454284') in 0.065900 seconds 
========================================================================
Received Import Request.
  Time since last request: 0.000036 seconds.
  path: Assets/Sprites/Explosion/Explosion_00099.png
  artifactKey: Guid(39ca1de087460ef428dbd1b348995e01) Importer(815301076,1909f56bfc062723c751e8b465ee728b)
Start importing Assets/Sprites/Explosion/Explosion_00099.png using Guid(39ca1de087460ef428dbd1b348995e01) Importer(815301076,1909f56bfc062723c751e8b465ee728b)  -> (artifact id: 'e0ff89244e38532d0ee791490c0bb293') in 0.066705 seconds 
========================================================================
Received Import Request.
  Time since last request: 0.000028 seconds.
  path: Assets/Sprites/Explosion/Explosion_00091.png
  artifactKey: Guid(f499b059c7382d74092f75be82877f04) Importer(815301076,1909f56bfc062723c751e8b465ee728b)
Start importing Assets/Sprites/Explosion/Explosion_00091.png using Guid(f499b059c7382d74092f75be82877f04) Importer(815301076,1909f56bfc062723c751e8b465ee728b)  -> (artifact id: 'cf370106a8299cc16f8d269e7b2007b7') in 0.059138 seconds 
========================================================================
Received Import Request.
  Time since last request: 0.000028 seconds.
  path: Assets/Sprites/Explosion/Explosion_00074.png
  artifactKey: Guid(b806210b87251d54d9f52491ee17d780) Importer(815301076,1909f56bfc062723c751e8b465ee728b)
Start importing Assets/Sprites/Explosion/Explosion_00074.png using Guid(b806210b87251d54d9f52491ee17d780) Importer(815301076,1909f56bfc062723c751e8b465ee728b)  -> (artifact id: '523f16b2330e09e513c41ac91b54725d') in 0.078773 seconds 
========================================================================
Received Import Request.
  Time since last request: 0.000035 seconds.
  path: Assets/Sprites/Explosion/Explosion_00028.png
  artifactKey: Guid(69cb21db358379549b9c5d90200a5818) Importer(815301076,1909f56bfc062723c751e8b465ee728b)
Start importing Assets/Sprites/Explosion/Explosion_00028.png using Guid(69cb21db358379549b9c5d90200a5818) Importer(815301076,1909f56bfc062723c751e8b465ee728b)  -> (artifact id: 'a77ce09452dd359df815f7f567da8e28') in 0.071839 seconds 
========================================================================
Received Import Request.
  Time since last request: 0.000037 seconds.
  path: Assets/Sprites/Explosion/Explosion_00012.png
  artifactKey: Guid(5a213975b85123c49a300e78416ecc0f) Importer(815301076,1909f56bfc062723c751e8b465ee728b)
Start importing Assets/Sprites/Explosion/Explosion_00012.png using Guid(5a213975b85123c49a300e78416ecc0f) Importer(815301076,1909f56bfc062723c751e8b465ee728b)  -> (artifact id: '177e37b625e8998f89ab60cb57c54c5e') in 0.073367 seconds 
========================================================================
Received Import Request.
  Time since last request: 0.000025 seconds.
  path: Assets/Sprites/Explosion/Explosion_00066.png
  artifactKey: Guid(22e6302fe55e4b948a5873aff467b2a4) Importer(815301076,1909f56bfc062723c751e8b465ee728b)
Start importing Assets/Sprites/Explosion/Explosion_00066.png using Guid(22e6302fe55e4b948a5873aff467b2a4) Importer(815301076,1909f56bfc062723c751e8b465ee728b)  -> (artifact id: '217a71ff917b70deea97a1179ead866b') in 0.082002 seconds 
========================================================================
Received Import Request.
  Time since last request: 0.000044 seconds.
  path: Assets/Sprites/Explosion/Explosion_00019.png
  artifactKey: Guid(c6a4f2f36ce8cb341a8cf6f831382162) Importer(815301076,1909f56bfc062723c751e8b465ee728b)
Start importing Assets/Sprites/Explosion/Explosion_00019.png using Guid(c6a4f2f36ce8cb341a8cf6f831382162) Importer(815301076,1909f56bfc062723c751e8b465ee728b)  -> (artifact id: 'afb71ad4705b24b16d97b6428b7b89d6') in 0.059123 seconds 
========================================================================
Received Import Request.
  Time since last request: 0.000030 seconds.
  path: Assets/Sprites/Explosion/Explosion_00014.png
  artifactKey: Guid(ad3112550be5fb9449db6f4a80b98fd6) Importer(815301076,1909f56bfc062723c751e8b465ee728b)
Start importing Assets/Sprites/Explosion/Explosion_00014.png using Guid(ad3112550be5fb9449db6f4a80b98fd6) Importer(815301076,1909f56bfc062723c751e8b465ee728b)  -> (artifact id: '59ad2c9d9b87ad9964f46e4907752bc1') in 0.066337 seconds 
========================================================================
Received Import Request.
  Time since last request: 0.000029 seconds.
  path: Assets/Sprites/Explosion/Explosion_00049.png
  artifactKey: Guid(5854a77e0fb805840acde1b404bfd82f) Importer(815301076,1909f56bfc062723c751e8b465ee728b)
Start importing Assets/Sprites/Explosion/Explosion_00049.png using Guid(5854a77e0fb805840acde1b404bfd82f) Importer(815301076,1909f56bfc062723c751e8b465ee728b)  -> (artifact id: 'a0954406dfe35f2ff16342405a19c207') in 0.098258 seconds 
========================================================================
Received Import Request.
  Time since last request: 0.000036 seconds.
  path: Assets/Sprites/Explosion/Explosion_00046.png
  artifactKey: Guid(efb13e81c207c664f967884c13391c7f) Importer(815301076,1909f56bfc062723c751e8b465ee728b)
Start importing Assets/Sprites/Explosion/Explosion_00046.png using Guid(efb13e81c207c664f967884c13391c7f) Importer(815301076,1909f56bfc062723c751e8b465ee728b)  -> (artifact id: '5dc892409856519f85b030c4fade413c') in 0.098742 seconds 
========================================================================
Received Import Request.
  Time since last request: 0.000029 seconds.
  path: Assets/Sprites/Explosion/Explosion_00044.png
  artifactKey: Guid(3346a4f77f40e494d821813159d94e89) Importer(815301076,1909f56bfc062723c751e8b465ee728b)
Start importing Assets/Sprites/Explosion/Explosion_00044.png using Guid(3346a4f77f40e494d821813159d94e89) Importer(815301076,1909f56bfc062723c751e8b465ee728b)  -> (artifact id: '6a8bfa3ba98b93e11ae0ed25bb092871') in 0.081644 seconds 
========================================================================
Received Import Request.
  Time since last request: 0.000044 seconds.
  path: Assets/Sprites/Explosion/Explosion_00041.png
  artifactKey: Guid(12062358907b6e049aaadbdac3358a9c) Importer(815301076,1909f56bfc062723c751e8b465ee728b)
Start importing Assets/Sprites/Explosion/Explosion_00041.png using Guid(12062358907b6e049aaadbdac3358a9c) Importer(815301076,1909f56bfc062723c751e8b465ee728b)  -> (artifact id: 'cdddc220f5446682794a8a7a7dd1271c') in 0.058268 seconds 
========================================================================
Received Import Request.
  Time since last request: 0.659999 seconds.
  path: Assets/Sprites/Health/frame-3.png
  artifactKey: Guid(e2b9b60cbfb2afc4394fdbadb5960502) Importer(815301076,1909f56bfc062723c751e8b465ee728b)
Start importing Assets/Sprites/Health/frame-3.png using Guid(e2b9b60cbfb2afc4394fdbadb5960502) Importer(815301076,1909f56bfc062723c751e8b465ee728b)  -> (artifact id: 'c16e847d4e7c6cb7f431f352246ddd63') in 0.033138 seconds 
Editor requested this worker to shutdown with reason: Scaling down because of idle timeout
AssetImportWorker is now disconnected from the server
Process exiting
Exiting without the bug reporter. Application will terminate with return code 0