Using pre-set license
Built from '2021.3/staging' branch; Version is '2021.3.22f1 (b6c551784ba3) revision 11978065'; Using compiler version '192829333'; Build Type 'Release'
OS: 'Windows 11  (10.0.22631) 64bit Core' Language: 'en' Physical Memory: 24505 MB
BatchMode: 1, IsHumanControllingUs: 0, StartBugReporterOnCrash: 0, Is64bit: 1, IsPro: 1

COMMAND LINE ARGUMENTS:
C:\Program Files\Unity\Hub\Editor\2021.3.22f1\Editor\Unity.exe
-adb2
-batchMode
-noUpm
-name
AssetImportWorker14
-projectPath
C:/Users/jadyn/OneDrive/Documents/UCF/Fall24/UnityProjects/Fighter_Planes_F24
-logFile
Logs/AssetImportWorker14.log
-srvPort
56976
Successfully changed project path to: C:/Users/jadyn/OneDrive/Documents/UCF/Fall24/UnityProjects/Fighter_Planes_F24
C:/Users/jadyn/OneDrive/Documents/UCF/Fall24/UnityProjects/Fighter_Planes_F24
[UnityMemory] Configuration Parameters - Can be set up in boot.config
    "memorysetup-bucket-allocator-granularity=16"
    "memorysetup-bucket-allocator-bucket-count=8"
    "memorysetup-bucket-allocator-block-size=33554432"
    "memorysetup-bucket-allocator-block-count=8"
    "memorysetup-main-allocator-block-size=16777216"
    "memorysetup-thread-allocator-block-size=16777216"
    "memorysetup-gfx-main-allocator-block-size=16777216"
    "memorysetup-gfx-thread-allocator-block-size=16777216"
    "memorysetup-cache-allocator-block-size=4194304"
    "memorysetup-typetree-allocator-block-size=2097152"
    "memorysetup-profiler-bucket-allocator-granularity=16"
    "memorysetup-profiler-bucket-allocator-bucket-count=8"
    "memorysetup-profiler-bucket-allocator-block-size=33554432"
    "memorysetup-profiler-bucket-allocator-block-count=8"
    "memorysetup-profiler-allocator-block-size=16777216"
    "memorysetup-profiler-editor-allocator-block-size=1048576"
    "memorysetup-temp-allocator-size-main=16777216"
    "memorysetup-job-temp-allocator-block-size=2097152"
    "memorysetup-job-temp-allocator-block-size-background=1048576"
    "memorysetup-job-temp-allocator-reduction-small-platforms=262144"
    "memorysetup-temp-allocator-size-background-worker=32768"
    "memorysetup-temp-allocator-size-job-worker=262144"
    "memorysetup-temp-allocator-size-preload-manager=33554432"
    "memorysetup-temp-allocator-size-nav-mesh-worker=65536"
    "memorysetup-temp-allocator-size-audio-worker=65536"
    "memorysetup-temp-allocator-size-cloud-worker=32768"
    "memorysetup-temp-allocator-size-gi-baking-worker=262144"
    "memorysetup-temp-allocator-size-gfx=262144"
Player connection [44904] Host "[IP] 192.168.1.242 [Port] 0 [Flags] 2 [Guid] 871244400 [EditorId] 871244400 [Version] 1048832 [Id] WindowsEditor(7,JadynPC) [Debug] 1 [PackageName] WindowsEditor [ProjectName] Editor" joined multi-casting on [225.0.0.222:54997]...

Player connection [44904] Host "[IP] 192.168.1.242 [Port] 0 [Flags] 2 [Guid] 871244400 [EditorId] 871244400 [Version] 1048832 [Id] WindowsEditor(7,JadynPC) [Debug] 1 [PackageName] WindowsEditor [ProjectName] Editor" joined alternative multi-casting on [225.0.0.222:34997]...

Refreshing native plugins compatible for Editor in 143.03 ms, found 3 plugins.
Preloading 0 native plugins for Editor in 0.00 ms.
Initialize engine version: 2021.3.22f1 (b6c551784ba3)
[Subsystems] Discovering subsystems at path C:/Program Files/Unity/Hub/Editor/2021.3.22f1/Editor/Data/Resources/UnitySubsystems
[Subsystems] Discovering subsystems at path C:/Users/jadyn/OneDrive/Documents/UCF/Fall24/UnityProjects/Fighter_Planes_F24/Assets
GfxDevice: creating device client; threaded=0; jobified=0
Direct3D:
    Version:  Direct3D 11.0 [level 11.1]
    Renderer: NVIDIA GeForce RTX 2080 (ID=0x1e87)
    Vendor:   NVIDIA
    VRAM:     8002 MB
    Driver:   31.0.15.4617
Initialize mono
Mono path[0] = 'C:/Program Files/Unity/Hub/Editor/2021.3.22f1/Editor/Data/Managed'
Mono path[1] = 'C:/Program Files/Unity/Hub/Editor/2021.3.22f1/Editor/Data/MonoBleedingEdge/lib/mono/unityjit-win32'
Mono config path = 'C:/Program Files/Unity/Hub/Editor/2021.3.22f1/Editor/Data/MonoBleedingEdge/etc'
Using monoOptions --debugger-agent=transport=dt_socket,embedding=1,server=y,suspend=n,address=127.0.0.1:56344
Begin MonoManager ReloadAssembly
Registering precompiled unity dll's ...
Register platform support module: C:/Program Files/Unity/Hub/Editor/2021.3.22f1/Editor/Data/PlaybackEngines/WebGLSupport/UnityEditor.WebGL.Extensions.dll
Register platform support module: C:/Program Files/Unity/Hub/Editor/2021.3.22f1/Editor/Data/PlaybackEngines/WindowsStandaloneSupport/UnityEditor.WindowsStandalone.Extensions.dll
Registered in 0.014076 seconds.
Native extension for WindowsStandalone target not found
Native extension for WebGL target not found
Refreshing native plugins compatible for Editor in 98.04 ms, found 3 plugins.
Preloading 0 native plugins for Editor in 0.00 ms.
Mono: successfully reloaded assembly
- Completed reload, in  1.086 seconds
Domain Reload Profiling:
	ReloadAssembly (1087ms)
		BeginReloadAssembly (162ms)
			ExecutionOrderSort (0ms)
			DisableScriptedObjects (0ms)
			BackupInstance (0ms)
			ReleaseScriptingObjects (0ms)
			CreateAndSetChildDomain (1ms)
		EndReloadAssembly (738ms)
			LoadAssemblies (157ms)
			RebuildTransferFunctionScriptingTraits (0ms)
			SetupTypeCache (180ms)
			ReleaseScriptCaches (0ms)
			RebuildScriptCaches (65ms)
			SetupLoadedEditorAssemblies (412ms)
				LogAssemblyErrors (0ms)
				InitializePlatformSupportModulesInManaged (16ms)
				SetLoadedEditorAssemblies (0ms)
				RefreshPlugins (98ms)
				BeforeProcessingInitializeOnLoad (1ms)
				ProcessInitializeOnLoadAttributes (229ms)
				ProcessInitializeOnLoadMethodAttributes (68ms)
				AfterProcessingInitializeOnLoad (0ms)
				EditorAssembliesLoaded (0ms)
			ExecutionOrderSort2 (0ms)
			AwakeInstancesAfterBackupRestoration (0ms)
Platform modules already initialized, skipping
Registering precompiled user dll's ...
Registered in 0.008902 seconds.
Begin MonoManager ReloadAssembly
Native extension for WindowsStandalone target not found
Native extension for WebGL target not found
Refreshing native plugins compatible for Editor in 1.32 ms, found 3 plugins.
Preloading 0 native plugins for Editor in 0.00 ms.
Mono: successfully reloaded assembly
- Completed reload, in  2.109 seconds
Domain Reload Profiling:
	ReloadAssembly (2110ms)
		BeginReloadAssembly (244ms)
			ExecutionOrderSort (0ms)
			DisableScriptedObjects (8ms)
			BackupInstance (0ms)
			ReleaseScriptingObjects (0ms)
			CreateAndSetChildDomain (37ms)
		EndReloadAssembly (1661ms)
			LoadAssemblies (147ms)
			RebuildTransferFunctionScriptingTraits (0ms)
			SetupTypeCache (501ms)
			ReleaseScriptCaches (1ms)
			RebuildScriptCaches (200ms)
			SetupLoadedEditorAssemblies (668ms)
				LogAssemblyErrors (0ms)
				InitializePlatformSupportModulesInManaged (14ms)
				SetLoadedEditorAssemblies (1ms)
				RefreshPlugins (1ms)
				BeforeProcessingInitializeOnLoad (146ms)
				ProcessInitializeOnLoadAttributes (472ms)
				ProcessInitializeOnLoadMethodAttributes (22ms)
				AfterProcessingInitializeOnLoad (11ms)
				EditorAssembliesLoaded (0ms)
			ExecutionOrderSort2 (0ms)
			AwakeInstancesAfterBackupRestoration (8ms)
Platform modules already initialized, skipping
========================================================================
Worker process is ready to serve import requests
Launched and connected shader compiler UnityShaderCompiler.exe after 0.08 seconds
Refreshing native plugins compatible for Editor in 1.43 ms, found 3 plugins.
Preloading 0 native plugins for Editor in 0.00 ms.
Unloading 3088 Unused Serialized files (Serialized files now loaded: 0)
Unloading 23 unused Assets / (56.2 KB). Loaded Objects now: 3549.
Memory consumption went from 111.6 MB to 111.6 MB.
Total: 10.611600 ms (FindLiveObjects: 0.707600 ms CreateObjectMapping: 0.695200 ms MarkObjects: 9.069300 ms  DeleteObjects: 0.136900 ms)

AssetImportParameters requested are different than current active one (requested -> active):
  custom:video-decoder-ogg-theora: a1e56fd34408186e4bbccfd4996cb3dc -> 
  custom:container-muxer-webm: aa71ff27fc2769a1b78a27578f13a17b -> 
  custom:container-demuxer-webm: 4f35f7cbe854078d1ac9338744f61a02 -> 
  custom:video-encoder-webm-vp8: eb34c28f22e8b96e1ab97ce403110664 -> 
  custom:video-codec-MediaFoundation-h265: 746d11721c4dcdbdad8f713fa42b33f4 -> 
  custom:audio-encoder-webm-vorbis: bf7c407c2cedff20999df2af8eb42d56 -> 
  custom:framework-win-MediaFoundation: 216162199b28c13a410421893ffa2e32 -> 
  custom:container-demuxer-ogg: 62fdf1f143b41e24485cea50d1cbac27 -> 
  custom:video-decoder-webm-vp8: 9c59270c3fd7afecdb556c50c9e8de78 -> 
  custom:audio-decoder-ogg-vorbis: bf7c407c2cedff20999df2af8eb42d56 -> 
========================================================================
Received Import Request.
  Time since last request: 521914.660438 seconds.
  path: Assets/Sprites/Explosion/Explosion_00007.png
  artifactKey: Guid(98a73cc5a5aab3043a5f09d9cf21da63) Importer(815301076,1909f56bfc062723c751e8b465ee728b)
Start importing Assets/Sprites/Explosion/Explosion_00007.png using Guid(98a73cc5a5aab3043a5f09d9cf21da63) Importer(815301076,1909f56bfc062723c751e8b465ee728b)  -> (artifact id: '5751823688a8bd6317564d9101333ba7') in 0.325631 seconds 
========================================================================
Received Import Request.
  Time since last request: 0.000092 seconds.
  path: Assets/Sprites/Explosion/Explosion_00063.png
  artifactKey: Guid(4c3c9cfb2a794084c80ab0e96229593d) Importer(815301076,1909f56bfc062723c751e8b465ee728b)
Start importing Assets/Sprites/Explosion/Explosion_00063.png using Guid(4c3c9cfb2a794084c80ab0e96229593d) Importer(815301076,1909f56bfc062723c751e8b465ee728b)  -> (artifact id: '172bfa2634107d44314f2b138e16ab5b') in 0.087344 seconds 
========================================================================
Received Import Request.
  Time since last request: 0.000031 seconds.
  path: Assets/Sprites/Explosion/Explosion_00086.png
  artifactKey: Guid(0e4c42acf50af3d46916975f72e80bcd) Importer(815301076,1909f56bfc062723c751e8b465ee728b)
Start importing Assets/Sprites/Explosion/Explosion_00086.png using Guid(0e4c42acf50af3d46916975f72e80bcd) Importer(815301076,1909f56bfc062723c751e8b465ee728b)  -> (artifact id: '67359d152e989149480fa1a0c754902d') in 0.070426 seconds 
========================================================================
Received Import Request.
  Time since last request: 0.000022 seconds.
  path: Assets/Sprites/Explosion/Explosion_00120.png
  artifactKey: Guid(9801ed49d07e9214295b860ba0a42b01) Importer(815301076,1909f56bfc062723c751e8b465ee728b)
Start importing Assets/Sprites/Explosion/Explosion_00120.png using Guid(9801ed49d07e9214295b860ba0a42b01) Importer(815301076,1909f56bfc062723c751e8b465ee728b)  -> (artifact id: 'b922ac9c4940f1ccf16a7b116c54a8d1') in 0.057790 seconds 
========================================================================
Received Import Request.
  Time since last request: 0.000037 seconds.
  path: Assets/Sprites/Explosion/Explosion_00111.png
  artifactKey: Guid(d0d187df9f5570b41a4675bd4957104c) Importer(815301076,1909f56bfc062723c751e8b465ee728b)
Start importing Assets/Sprites/Explosion/Explosion_00111.png using Guid(d0d187df9f5570b41a4675bd4957104c) Importer(815301076,1909f56bfc062723c751e8b465ee728b)  -> (artifact id: '2d0af58aafe509bca46bab8a4243736a') in 0.068142 seconds 
========================================================================
Received Import Request.
  Time since last request: 0.000025 seconds.
  path: Assets/Sprites/Explosion/Explosion_00058.png
  artifactKey: Guid(091d3201775721c45acd13044144633d) Importer(815301076,1909f56bfc062723c751e8b465ee728b)
Start importing Assets/Sprites/Explosion/Explosion_00058.png using Guid(091d3201775721c45acd13044144633d) Importer(815301076,1909f56bfc062723c751e8b465ee728b)  -> (artifact id: '9d024d40fe07954a03a380a31f1a35b0') in 0.091779 seconds 
========================================================================
Received Import Request.
  Time since last request: 0.000037 seconds.
  path: Assets/Sprites/Explosion/Explosion_00131.png
  artifactKey: Guid(bd6f5d3be04e8784699db57ab849eb45) Importer(815301076,1909f56bfc062723c751e8b465ee728b)
Start importing Assets/Sprites/Explosion/Explosion_00131.png using Guid(bd6f5d3be04e8784699db57ab849eb45) Importer(815301076,1909f56bfc062723c751e8b465ee728b)  -> (artifact id: '515f8be91fc827eee2df9cdcb2a74638') in 0.054174 seconds 
========================================================================
Received Import Request.
  Time since last request: 0.000035 seconds.
  path: Assets/Sprites/Explosion/Explosion_00009.png
  artifactKey: Guid(be6fa491a1a223f46b94e773c11b0a09) Importer(815301076,1909f56bfc062723c751e8b465ee728b)
Start importing Assets/Sprites/Explosion/Explosion_00009.png using Guid(be6fa491a1a223f46b94e773c11b0a09) Importer(815301076,1909f56bfc062723c751e8b465ee728b)  -> (artifact id: 'e2fa7b22a5bc0680ab79641c2203f871') in 0.078345 seconds 
========================================================================
Received Import Request.
  Time since last request: 0.000025 seconds.
  path: Assets/Sprites/Explosion/Explosion_00029.png
  artifactKey: Guid(8d6043d903dfaad47a6e5814a1a5083a) Importer(815301076,1909f56bfc062723c751e8b465ee728b)
Start importing Assets/Sprites/Explosion/Explosion_00029.png using Guid(8d6043d903dfaad47a6e5814a1a5083a) Importer(815301076,1909f56bfc062723c751e8b465ee728b)  -> (artifact id: 'f15a0c4133871323e6f96f6ca63a7f4c') in 0.076815 seconds 
========================================================================
Received Import Request.
  Time since last request: 0.000027 seconds.
  path: Assets/Sprites/Explosion/Explosion_00038.png
  artifactKey: Guid(7ef9d02dc89fbf14da4786431d8c30c1) Importer(815301076,1909f56bfc062723c751e8b465ee728b)
Start importing Assets/Sprites/Explosion/Explosion_00038.png using Guid(7ef9d02dc89fbf14da4786431d8c30c1) Importer(815301076,1909f56bfc062723c751e8b465ee728b)  -> (artifact id: '9094baee2f4f9a21a5e1ae115638e1ef') in 0.081916 seconds 
========================================================================
Received Import Request.
  Time since last request: 0.000035 seconds.
  path: Assets/Sprites/Explosion/Explosion_00089.png
  artifactKey: Guid(a7c6658ab9b722346b054212ce8b514e) Importer(815301076,1909f56bfc062723c751e8b465ee728b)
Start importing Assets/Sprites/Explosion/Explosion_00089.png using Guid(a7c6658ab9b722346b054212ce8b514e) Importer(815301076,1909f56bfc062723c751e8b465ee728b)  -> (artifact id: 'f158501441eebc968cafdc63c3915ae5') in 0.059221 seconds 
========================================================================
Received Import Request.
  Time since last request: 0.000027 seconds.
  path: Assets/Sprites/Explosion/Explosion_00057.png
  artifactKey: Guid(645346f8ba754cd45b773e64bf1382d0) Importer(815301076,1909f56bfc062723c751e8b465ee728b)
Start importing Assets/Sprites/Explosion/Explosion_00057.png using Guid(645346f8ba754cd45b773e64bf1382d0) Importer(815301076,1909f56bfc062723c751e8b465ee728b)  -> (artifact id: '11cce7823bb22f44cc35ae421c188215') in 0.085731 seconds 
========================================================================
Received Import Request.
  Time since last request: 0.000024 seconds.
  path: Assets/Sprites/Explosion/Explosion_00060.png
  artifactKey: Guid(46290263cc607a04b97b109f47870ee8) Importer(815301076,1909f56bfc062723c751e8b465ee728b)
Start importing Assets/Sprites/Explosion/Explosion_00060.png using Guid(46290263cc607a04b97b109f47870ee8) Importer(815301076,1909f56bfc062723c751e8b465ee728b)  -> (artifact id: '7d2536af1c986cf7db22303a7008c731') in 0.103259 seconds 
========================================================================
Received Import Request.
  Time since last request: 0.000031 seconds.
  path: Assets/Sprites/Explosion/Explosion_00096.png
  artifactKey: Guid(b1526f7f74f09574b95f6cecd8107cff) Importer(815301076,1909f56bfc062723c751e8b465ee728b)
Start importing Assets/Sprites/Explosion/Explosion_00096.png using Guid(b1526f7f74f09574b95f6cecd8107cff) Importer(815301076,1909f56bfc062723c751e8b465ee728b)  -> (artifact id: '9f54098648b864dd480901f181aa6f72') in 0.059966 seconds 
========================================================================
Received Import Request.
  Time since last request: 0.000047 seconds.
  path: Assets/Sprites/Explosion/Explosion_00021.png
  artifactKey: Guid(3012ef794ba4e2c4eb8cd31ff4d204fc) Importer(815301076,1909f56bfc062723c751e8b465ee728b)
Start importing Assets/Sprites/Explosion/Explosion_00021.png using Guid(3012ef794ba4e2c4eb8cd31ff4d204fc) Importer(815301076,1909f56bfc062723c751e8b465ee728b)  -> (artifact id: '2646f6de59f5623eb07f802b694cd30f') in 0.071403 seconds 
========================================================================
Received Import Request.
  Time since last request: 0.713891 seconds.
  path: Assets/Sprites/Health/frame-8.png
  artifactKey: Guid(fdaafd13bde8a7c499640f96bc3d736d) Importer(815301076,1909f56bfc062723c751e8b465ee728b)
Start importing Assets/Sprites/Health/frame-8.png using Guid(fdaafd13bde8a7c499640f96bc3d736d) Importer(815301076,1909f56bfc062723c751e8b465ee728b)  -> (artifact id: 'a938b7d84be214f88a9604f8bee1823b') in 0.033769 seconds 
========================================================================
Received Prepare
Registering precompiled user dll's ...
Registered in 0.006545 seconds.
Begin MonoManager ReloadAssembly
Native extension for WindowsStandalone target not found
Native extension for WebGL target not found
Refreshing native plugins compatible for Editor in 0.48 ms, found 3 plugins.
Preloading 0 native plugins for Editor in 0.00 ms.
Mono: successfully reloaded assembly
- Completed reload, in  1.135 seconds
Domain Reload Profiling:
	ReloadAssembly (1136ms)
		BeginReloadAssembly (173ms)
			ExecutionOrderSort (0ms)
			DisableScriptedObjects (6ms)
			BackupInstance (0ms)
			ReleaseScriptingObjects (0ms)
			CreateAndSetChildDomain (47ms)
		EndReloadAssembly (864ms)
			LoadAssemblies (107ms)
			RebuildTransferFunctionScriptingTraits (0ms)
			SetupTypeCache (293ms)
			ReleaseScriptCaches (1ms)
			RebuildScriptCaches (38ms)
			SetupLoadedEditorAssemblies (398ms)
				LogAssemblyErrors (0ms)
				InitializePlatformSupportModulesInManaged (9ms)
				SetLoadedEditorAssemblies (0ms)
				RefreshPlugins (1ms)
				BeforeProcessingInitializeOnLoad (63ms)
				ProcessInitializeOnLoadAttributes (298ms)
				ProcessInitializeOnLoadMethodAttributes (17ms)
				AfterProcessingInitializeOnLoad (10ms)
				EditorAssembliesLoaded (0ms)
			ExecutionOrderSort2 (0ms)
			AwakeInstancesAfterBackupRestoration (7ms)
Platform modules already initialized, skipping
Refreshing native plugins compatible for Editor in 3.71 ms, found 3 plugins.
Preloading 0 native plugins for Editor in 0.00 ms.
Unloading 3069 Unused Serialized files (Serialized files now loaded: 0)
Unloading 16 unused Assets / (24.6 KB). Loaded Objects now: 3560.
Memory consumption went from 114.3 MB to 114.3 MB.
Total: 4.845500 ms (FindLiveObjects: 0.281500 ms CreateObjectMapping: 0.213500 ms MarkObjects: 4.307200 ms  DeleteObjects: 0.041900 ms)

AssetImportParameters requested are different than current active one (requested -> active):
  custom:video-decoder-ogg-theora: a1e56fd34408186e4bbccfd4996cb3dc -> 
  custom:container-muxer-webm: aa71ff27fc2769a1b78a27578f13a17b -> 
  custom:container-demuxer-webm: 4f35f7cbe854078d1ac9338744f61a02 -> 
  custom:video-encoder-webm-vp8: eb34c28f22e8b96e1ab97ce403110664 -> 
  custom:video-codec-MediaFoundation-h265: 746d11721c4dcdbdad8f713fa42b33f4 -> 
  custom:audio-encoder-webm-vorbis: bf7c407c2cedff20999df2af8eb42d56 -> 
  custom:framework-win-MediaFoundation: 216162199b28c13a410421893ffa2e32 -> 
  custom:container-demuxer-ogg: 62fdf1f143b41e24485cea50d1cbac27 -> 
  custom:video-decoder-webm-vp8: 9c59270c3fd7afecdb556c50c9e8de78 -> 
  custom:audio-decoder-ogg-vorbis: bf7c407c2cedff20999df2af8eb42d56 -> 
========================================================================
Received Import Request.
  Time since last request: 1420.782655 seconds.
  path: Assets/Sprites/Coin/frame-2.png
  artifactKey: Guid(9056ed0f87c2a29428914005d92f8124) Importer(815301076,1909f56bfc062723c751e8b465ee728b)
Start importing Assets/Sprites/Coin/frame-2.png using Guid(9056ed0f87c2a29428914005d92f8124) Importer(815301076,1909f56bfc062723c751e8b465ee728b)  -> (artifact id: '33a3cd0cdf86efbd3697d30f060804a9') in 0.080733 seconds 
========================================================================
Received Import Request.
  Time since last request: 0.000043 seconds.
  path: Assets/Sprites/Coin/frame-7.png
  artifactKey: Guid(5eaf8b65d8badfc419dff7b24ca0a9a2) Importer(815301076,1909f56bfc062723c751e8b465ee728b)
Start importing Assets/Sprites/Coin/frame-7.png using Guid(5eaf8b65d8badfc419dff7b24ca0a9a2) Importer(815301076,1909f56bfc062723c751e8b465ee728b)  -> (artifact id: '2d1464c3cca83cbd4bbbf327dd77ffde') in 0.062546 seconds 
========================================================================
Received Import Request.
  Time since last request: 0.000038 seconds.
  path: Assets/Sprites/Coin/frame-3.png
  artifactKey: Guid(0a0101d1a5e2ea941818ee497f719d4d) Importer(815301076,1909f56bfc062723c751e8b465ee728b)
Start importing Assets/Sprites/Coin/frame-3.png using Guid(0a0101d1a5e2ea941818ee497f719d4d) Importer(815301076,1909f56bfc062723c751e8b465ee728b)  -> (artifact id: 'e27210072f73d02d30105992b56ee649') in 0.035867 seconds 
========================================================================
Received Import Request.
  Time since last request: 0.000039 seconds.
  path: Assets/Sprites/Coin/frame-10.png
  artifactKey: Guid(0275ad7c9fda8b44f96465fcec2cef1d) Importer(815301076,1909f56bfc062723c751e8b465ee728b)
Start importing Assets/Sprites/Coin/frame-10.png using Guid(0275ad7c9fda8b44f96465fcec2cef1d) Importer(815301076,1909f56bfc062723c751e8b465ee728b)  -> (artifact id: 'cbfd2e431558323bed472bd7be8bf33b') in 0.046485 seconds 
========================================================================
Received Import Request.
  Time since last request: 0.000034 seconds.
  path: Assets/Sprites/Coin/frame-5.png
  artifactKey: Guid(ee7ed4b62ecb32d46a2849f3c288e11a) Importer(815301076,1909f56bfc062723c751e8b465ee728b)
Start importing Assets/Sprites/Coin/frame-5.png using Guid(ee7ed4b62ecb32d46a2849f3c288e11a) Importer(815301076,1909f56bfc062723c751e8b465ee728b)  -> (artifact id: '4a3c19e109935709c87150740e118ea1') in 0.045156 seconds 
Editor requested this worker to shutdown with reason: Scaling down because of idle timeout
AssetImportWorker is now disconnected from the server
Process exiting
Exiting without the bug reporter. Application will terminate with return code 0