Using pre-set license
Built from '2021.3/staging' branch; Version is '2021.3.22f1 (b6c551784ba3) revision 11978065'; Using compiler version '192829333'; Build Type 'Release'
OS: 'Windows 11  (10.0.22631) 64bit Core' Language: 'en' Physical Memory: 24505 MB
BatchMode: 1, IsHumanControllingUs: 0, StartBugReporterOnCrash: 0, Is64bit: 1, IsPro: 1

COMMAND LINE ARGUMENTS:
C:\Program Files\Unity\Hub\Editor\2021.3.22f1\Editor\Unity.exe
-adb2
-batchMode
-noUpm
-name
AssetImportWorker7
-projectPath
C:/Users/jadyn/OneDrive/Documents/UCF/Fall24/UnityProjects/Fighter_Planes_F24
-logFile
Logs/AssetImportWorker7.log
-srvPort
56976
Successfully changed project path to: C:/Users/jadyn/OneDrive/Documents/UCF/Fall24/UnityProjects/Fighter_Planes_F24
C:/Users/jadyn/OneDrive/Documents/UCF/Fall24/UnityProjects/Fighter_Planes_F24
[UnityMemory] Configuration Parameters - Can be set up in boot.config
    "memorysetup-bucket-allocator-granularity=16"
    "memorysetup-bucket-allocator-bucket-count=8"
    "memorysetup-bucket-allocator-block-size=33554432"
    "memorysetup-bucket-allocator-block-count=8"
    "memorysetup-main-allocator-block-size=16777216"
    "memorysetup-thread-allocator-block-size=16777216"
    "memorysetup-gfx-main-allocator-block-size=16777216"
    "memorysetup-gfx-thread-allocator-block-size=16777216"
    "memorysetup-cache-allocator-block-size=4194304"
    "memorysetup-typetree-allocator-block-size=2097152"
    "memorysetup-profiler-bucket-allocator-granularity=16"
    "memorysetup-profiler-bucket-allocator-bucket-count=8"
    "memorysetup-profiler-bucket-allocator-block-size=33554432"
    "memorysetup-profiler-bucket-allocator-block-count=8"
    "memorysetup-profiler-allocator-block-size=16777216"
    "memorysetup-profiler-editor-allocator-block-size=1048576"
    "memorysetup-temp-allocator-size-main=16777216"
    "memorysetup-job-temp-allocator-block-size=2097152"
    "memorysetup-job-temp-allocator-block-size-background=1048576"
    "memorysetup-job-temp-allocator-reduction-small-platforms=262144"
    "memorysetup-temp-allocator-size-background-worker=32768"
    "memorysetup-temp-allocator-size-job-worker=262144"
    "memorysetup-temp-allocator-size-preload-manager=33554432"
    "memorysetup-temp-allocator-size-nav-mesh-worker=65536"
    "memorysetup-temp-allocator-size-audio-worker=65536"
    "memorysetup-temp-allocator-size-cloud-worker=32768"
    "memorysetup-temp-allocator-size-gi-baking-worker=262144"
    "memorysetup-temp-allocator-size-gfx=262144"
Player connection [32144] Host "[IP] 192.168.1.242 [Port] 0 [Flags] 2 [Guid] 429621221 [EditorId] 429621221 [Version] 1048832 [Id] WindowsEditor(7,JadynPC) [Debug] 1 [PackageName] WindowsEditor [ProjectName] Editor" joined multi-casting on [225.0.0.222:54997]...

Player connection [32144] Host "[IP] 192.168.1.242 [Port] 0 [Flags] 2 [Guid] 429621221 [EditorId] 429621221 [Version] 1048832 [Id] WindowsEditor(7,JadynPC) [Debug] 1 [PackageName] WindowsEditor [ProjectName] Editor" joined alternative multi-casting on [225.0.0.222:34997]...

Refreshing native plugins compatible for Editor in 79.85 ms, found 3 plugins.
Preloading 0 native plugins for Editor in 0.00 ms.
Initialize engine version: 2021.3.22f1 (b6c551784ba3)
[Subsystems] Discovering subsystems at path C:/Program Files/Unity/Hub/Editor/2021.3.22f1/Editor/Data/Resources/UnitySubsystems
[Subsystems] Discovering subsystems at path C:/Users/jadyn/OneDrive/Documents/UCF/Fall24/UnityProjects/Fighter_Planes_F24/Assets
GfxDevice: creating device client; threaded=0; jobified=0
Direct3D:
    Version:  Direct3D 11.0 [level 11.1]
    Renderer: NVIDIA GeForce RTX 2080 (ID=0x1e87)
    Vendor:   NVIDIA
    VRAM:     8002 MB
    Driver:   31.0.15.4617
Initialize mono
Mono path[0] = 'C:/Program Files/Unity/Hub/Editor/2021.3.22f1/Editor/Data/Managed'
Mono path[1] = 'C:/Program Files/Unity/Hub/Editor/2021.3.22f1/Editor/Data/MonoBleedingEdge/lib/mono/unityjit-win32'
Mono config path = 'C:/Program Files/Unity/Hub/Editor/2021.3.22f1/Editor/Data/MonoBleedingEdge/etc'
Using monoOptions --debugger-agent=transport=dt_socket,embedding=1,server=y,suspend=n,address=127.0.0.1:56736
Begin MonoManager ReloadAssembly
Registering precompiled unity dll's ...
Register platform support module: C:/Program Files/Unity/Hub/Editor/2021.3.22f1/Editor/Data/PlaybackEngines/WebGLSupport/UnityEditor.WebGL.Extensions.dll
Register platform support module: C:/Program Files/Unity/Hub/Editor/2021.3.22f1/Editor/Data/PlaybackEngines/WindowsStandaloneSupport/UnityEditor.WindowsStandalone.Extensions.dll
Registered in 0.010569 seconds.
Native extension for WindowsStandalone target not found
Native extension for WebGL target not found
Refreshing native plugins compatible for Editor in 74.95 ms, found 3 plugins.
Preloading 0 native plugins for Editor in 0.00 ms.
Mono: successfully reloaded assembly
- Completed reload, in  0.702 seconds
Domain Reload Profiling:
	ReloadAssembly (702ms)
		BeginReloadAssembly (87ms)
			ExecutionOrderSort (0ms)
			DisableScriptedObjects (0ms)
			BackupInstance (0ms)
			ReleaseScriptingObjects (0ms)
			CreateAndSetChildDomain (1ms)
		EndReloadAssembly (500ms)
			LoadAssemblies (85ms)
			RebuildTransferFunctionScriptingTraits (0ms)
			SetupTypeCache (113ms)
			ReleaseScriptCaches (0ms)
			RebuildScriptCaches (45ms)
			SetupLoadedEditorAssemblies (288ms)
				LogAssemblyErrors (0ms)
				InitializePlatformSupportModulesInManaged (10ms)
				SetLoadedEditorAssemblies (0ms)
				RefreshPlugins (75ms)
				BeforeProcessingInitializeOnLoad (1ms)
				ProcessInitializeOnLoadAttributes (153ms)
				ProcessInitializeOnLoadMethodAttributes (48ms)
				AfterProcessingInitializeOnLoad (0ms)
				EditorAssembliesLoaded (0ms)
			ExecutionOrderSort2 (0ms)
			AwakeInstancesAfterBackupRestoration (0ms)
Platform modules already initialized, skipping
Registering precompiled user dll's ...
Registered in 0.007181 seconds.
Begin MonoManager ReloadAssembly
Native extension for WindowsStandalone target not found
Native extension for WebGL target not found
Refreshing native plugins compatible for Editor in 0.47 ms, found 3 plugins.
Preloading 0 native plugins for Editor in 0.00 ms.
Mono: successfully reloaded assembly
- Completed reload, in  1.215 seconds
Domain Reload Profiling:
	ReloadAssembly (1216ms)
		BeginReloadAssembly (160ms)
			ExecutionOrderSort (0ms)
			DisableScriptedObjects (6ms)
			BackupInstance (0ms)
			ReleaseScriptingObjects (0ms)
			CreateAndSetChildDomain (24ms)
		EndReloadAssembly (937ms)
			LoadAssemblies (99ms)
			RebuildTransferFunctionScriptingTraits (0ms)
			SetupTypeCache (275ms)
			ReleaseScriptCaches (1ms)
			RebuildScriptCaches (79ms)
			SetupLoadedEditorAssemblies (434ms)
				LogAssemblyErrors (0ms)
				InitializePlatformSupportModulesInManaged (7ms)
				SetLoadedEditorAssemblies (1ms)
				RefreshPlugins (1ms)
				BeforeProcessingInitializeOnLoad (82ms)
				ProcessInitializeOnLoadAttributes (314ms)
				ProcessInitializeOnLoadMethodAttributes (19ms)
				AfterProcessingInitializeOnLoad (11ms)
				EditorAssembliesLoaded (0ms)
			ExecutionOrderSort2 (0ms)
			AwakeInstancesAfterBackupRestoration (7ms)
Platform modules already initialized, skipping
========================================================================
Worker process is ready to serve import requests
Launched and connected shader compiler UnityShaderCompiler.exe after 0.06 seconds
Refreshing native plugins compatible for Editor in 0.46 ms, found 3 plugins.
Preloading 0 native plugins for Editor in 0.00 ms.
Unloading 3088 Unused Serialized files (Serialized files now loaded: 0)
Unloading 23 unused Assets / (56.2 KB). Loaded Objects now: 3549.
Memory consumption went from 111.5 MB to 111.4 MB.
Total: 2.803900 ms (FindLiveObjects: 0.237000 ms CreateObjectMapping: 0.184300 ms MarkObjects: 2.311900 ms  DeleteObjects: 0.069400 ms)

AssetImportParameters requested are different than current active one (requested -> active):
  custom:video-decoder-ogg-theora: a1e56fd34408186e4bbccfd4996cb3dc -> 
  custom:container-muxer-webm: aa71ff27fc2769a1b78a27578f13a17b -> 
  custom:container-demuxer-webm: 4f35f7cbe854078d1ac9338744f61a02 -> 
  custom:video-encoder-webm-vp8: eb34c28f22e8b96e1ab97ce403110664 -> 
  custom:video-codec-MediaFoundation-h265: 746d11721c4dcdbdad8f713fa42b33f4 -> 
  custom:audio-encoder-webm-vorbis: bf7c407c2cedff20999df2af8eb42d56 -> 
  custom:framework-win-MediaFoundation: 216162199b28c13a410421893ffa2e32 -> 
  custom:container-demuxer-ogg: 62fdf1f143b41e24485cea50d1cbac27 -> 
  custom:video-decoder-webm-vp8: 9c59270c3fd7afecdb556c50c9e8de78 -> 
  custom:audio-decoder-ogg-vorbis: bf7c407c2cedff20999df2af8eb42d56 -> 
========================================================================
Received Prepare
Registering precompiled user dll's ...
Registered in 0.006917 seconds.
Begin MonoManager ReloadAssembly
Native extension for WindowsStandalone target not found
Native extension for WebGL target not found
Refreshing native plugins compatible for Editor in 0.52 ms, found 3 plugins.
Preloading 0 native plugins for Editor in 0.00 ms.
Mono: successfully reloaded assembly
- Completed reload, in  1.202 seconds
Domain Reload Profiling:
	ReloadAssembly (1203ms)
		BeginReloadAssembly (153ms)
			ExecutionOrderSort (0ms)
			DisableScriptedObjects (5ms)
			BackupInstance (0ms)
			ReleaseScriptingObjects (0ms)
			CreateAndSetChildDomain (38ms)
		EndReloadAssembly (943ms)
			LoadAssemblies (96ms)
			RebuildTransferFunctionScriptingTraits (0ms)
			SetupTypeCache (273ms)
			ReleaseScriptCaches (1ms)
			RebuildScriptCaches (47ms)
			SetupLoadedEditorAssemblies (488ms)
				LogAssemblyErrors (0ms)
				InitializePlatformSupportModulesInManaged (8ms)
				SetLoadedEditorAssemblies (0ms)
				RefreshPlugins (1ms)
				BeforeProcessingInitializeOnLoad (79ms)
				ProcessInitializeOnLoadAttributes (364ms)
				ProcessInitializeOnLoadMethodAttributes (24ms)
				AfterProcessingInitializeOnLoad (11ms)
				EditorAssembliesLoaded (0ms)
			ExecutionOrderSort2 (0ms)
			AwakeInstancesAfterBackupRestoration (8ms)
Platform modules already initialized, skipping
Refreshing native plugins compatible for Editor in 3.94 ms, found 3 plugins.
Preloading 0 native plugins for Editor in 0.00 ms.
Unloading 3068 Unused Serialized files (Serialized files now loaded: 0)
Unloading 16 unused Assets / (24.7 KB). Loaded Objects now: 3552.
Memory consumption went from 109.8 MB to 109.7 MB.
Total: 4.342100 ms (FindLiveObjects: 0.265100 ms CreateObjectMapping: 0.222200 ms MarkObjects: 3.816000 ms  DeleteObjects: 0.037400 ms)

AssetImportParameters requested are different than current active one (requested -> active):
  custom:video-decoder-ogg-theora: a1e56fd34408186e4bbccfd4996cb3dc -> 
  custom:container-muxer-webm: aa71ff27fc2769a1b78a27578f13a17b -> 
  custom:container-demuxer-webm: 4f35f7cbe854078d1ac9338744f61a02 -> 
  custom:video-encoder-webm-vp8: eb34c28f22e8b96e1ab97ce403110664 -> 
  custom:video-codec-MediaFoundation-h265: 746d11721c4dcdbdad8f713fa42b33f4 -> 
  custom:audio-encoder-webm-vorbis: bf7c407c2cedff20999df2af8eb42d56 -> 
  custom:framework-win-MediaFoundation: 216162199b28c13a410421893ffa2e32 -> 
  custom:container-demuxer-ogg: 62fdf1f143b41e24485cea50d1cbac27 -> 
  custom:video-decoder-webm-vp8: 9c59270c3fd7afecdb556c50c9e8de78 -> 
  custom:audio-decoder-ogg-vorbis: bf7c407c2cedff20999df2af8eb42d56 -> 
========================================================================
Received Import Request.
  Time since last request: 521655.398952 seconds.
  path: Assets/Sprites/Bullets/2.png
  artifactKey: Guid(e51714887893c1f44af10cdad8c8e24a) Importer(815301076,1909f56bfc062723c751e8b465ee728b)
Start importing Assets/Sprites/Bullets/2.png using Guid(e51714887893c1f44af10cdad8c8e24a) Importer(815301076,1909f56bfc062723c751e8b465ee728b)  -> (artifact id: '892de7fc2477f8ea07409a0f5580d3c1') in 0.129630 seconds 
========================================================================
Received Import Request.
  Time since last request: 0.000026 seconds.
  path: Assets/Sprites/Bullets/4.png
  artifactKey: Guid(ee055a2f4b57f3b42b4b14435f21b45b) Importer(815301076,1909f56bfc062723c751e8b465ee728b)
Start importing Assets/Sprites/Bullets/4.png using Guid(ee055a2f4b57f3b42b4b14435f21b45b) Importer(815301076,1909f56bfc062723c751e8b465ee728b)  -> (artifact id: '6775666a897b683d744b0d349ee7ffce') in 0.016992 seconds 
========================================================================
Received Import Request.
  Time since last request: 0.000025 seconds.
  path: Assets/Sprites/Bullets/5.png
  artifactKey: Guid(ee481f10bad6fbc499d5fd6ee90d0216) Importer(815301076,1909f56bfc062723c751e8b465ee728b)
Start importing Assets/Sprites/Bullets/5.png using Guid(ee481f10bad6fbc499d5fd6ee90d0216) Importer(815301076,1909f56bfc062723c751e8b465ee728b)  -> (artifact id: 'c143d115cd30f7f628a1e1e2d9735d72') in 0.015860 seconds 
========================================================================
Received Import Request.
  Time since last request: 247.996971 seconds.
  path: Assets/Sprites/Thruster/Thruster_00001.png
  artifactKey: Guid(20d48fafd23d9f74e950926fb8bf28ac) Importer(815301076,1909f56bfc062723c751e8b465ee728b)
Start importing Assets/Sprites/Thruster/Thruster_00001.png using Guid(20d48fafd23d9f74e950926fb8bf28ac) Importer(815301076,1909f56bfc062723c751e8b465ee728b)  -> (artifact id: 'b0a4719afc5242742ce595c552066a0c') in 0.021467 seconds 
========================================================================
Received Import Request.
  Time since last request: 0.007440 seconds.
  path: Assets/Sprites/Thruster/Thruster_00002.png
  artifactKey: Guid(8790230bfcf60c941901a6b4b37017b8) Importer(815301076,1909f56bfc062723c751e8b465ee728b)
Start importing Assets/Sprites/Thruster/Thruster_00002.png using Guid(8790230bfcf60c941901a6b4b37017b8) Importer(815301076,1909f56bfc062723c751e8b465ee728b)  -> (artifact id: 'b3ffbde70bf216bf6dceb0d04f4a386a') in 0.023743 seconds 
========================================================================
Received Import Request.
  Time since last request: 0.005677 seconds.
  path: Assets/Sprites/Thruster/Thruster_00015.png
  artifactKey: Guid(8eaf27203107ad94b988ebaa0a5d3f1f) Importer(815301076,1909f56bfc062723c751e8b465ee728b)
Start importing Assets/Sprites/Thruster/Thruster_00015.png using Guid(8eaf27203107ad94b988ebaa0a5d3f1f) Importer(815301076,1909f56bfc062723c751e8b465ee728b)  -> (artifact id: '89d325cf56357e5d735599b2bf183e3e') in 0.028043 seconds 
========================================================================
Received Import Request.
  Time since last request: 0.000027 seconds.
  path: Assets/Sprites/Thruster/Thruster_00018.png
  artifactKey: Guid(38c74a3724292d24a8b99e4b3d307eaa) Importer(815301076,1909f56bfc062723c751e8b465ee728b)
Start importing Assets/Sprites/Thruster/Thruster_00018.png using Guid(38c74a3724292d24a8b99e4b3d307eaa) Importer(815301076,1909f56bfc062723c751e8b465ee728b)  -> (artifact id: 'cd177f87b243e11ad8bc1643729b5043') in 0.027002 seconds 
========================================================================
Received Import Request.
  Time since last request: 0.000032 seconds.
  path: Assets/Sprites/Thruster/Thruster_00011.png
  artifactKey: Guid(af71694c674a41c4da8200246ce45f1d) Importer(815301076,1909f56bfc062723c751e8b465ee728b)
Start importing Assets/Sprites/Thruster/Thruster_00011.png using Guid(af71694c674a41c4da8200246ce45f1d) Importer(815301076,1909f56bfc062723c751e8b465ee728b)  -> (artifact id: '56273d93639fe893679150c1341ebfcc') in 0.029397 seconds 
========================================================================
Received Import Request.
  Time since last request: 0.000051 seconds.
  path: Assets/Sprites/Thruster/Thruster_00019.png
  artifactKey: Guid(56b491fb3f62cbf4c924bdfbe01ae74b) Importer(815301076,1909f56bfc062723c751e8b465ee728b)
Start importing Assets/Sprites/Thruster/Thruster_00019.png using Guid(56b491fb3f62cbf4c924bdfbe01ae74b) Importer(815301076,1909f56bfc062723c751e8b465ee728b)  -> (artifact id: '895ffc1820518da4bada4b72a585ccf2') in 0.022809 seconds 
========================================================================
Received Import Request.
  Time since last request: 0.000037 seconds.
  path: Assets/Sprites/Thruster/Thruster_00010.png
  artifactKey: Guid(e5644c8bd96ade54d8ebcd0f9e0076f7) Importer(815301076,1909f56bfc062723c751e8b465ee728b)
Start importing Assets/Sprites/Thruster/Thruster_00010.png using Guid(e5644c8bd96ade54d8ebcd0f9e0076f7) Importer(815301076,1909f56bfc062723c751e8b465ee728b)  -> (artifact id: '353f8b98742aa5c098d069e8e2949026') in 0.029309 seconds 
========================================================================
Received Import Request.
  Time since last request: 0.000024 seconds.
  path: Assets/Sprites/Thruster/Thruster_00013.png
  artifactKey: Guid(6c8c8c205fcd05347a28a63c97accfc5) Importer(815301076,1909f56bfc062723c751e8b465ee728b)
Start importing Assets/Sprites/Thruster/Thruster_00013.png using Guid(6c8c8c205fcd05347a28a63c97accfc5) Importer(815301076,1909f56bfc062723c751e8b465ee728b)  -> (artifact id: '9dc4e83e1fb64b6c17d59fe7d7db1f52') in 0.021458 seconds 
========================================================================
Received Import Request.
  Time since last request: 0.000029 seconds.
  path: Assets/Sprites/Thruster/Thruster_00020.png
  artifactKey: Guid(4b1d15b27b4dbb64f962a695e7f2cf50) Importer(815301076,1909f56bfc062723c751e8b465ee728b)
Start importing Assets/Sprites/Thruster/Thruster_00020.png using Guid(4b1d15b27b4dbb64f962a695e7f2cf50) Importer(815301076,1909f56bfc062723c751e8b465ee728b)  -> (artifact id: '747aa66e063430fface560460bd28283') in 0.023706 seconds 
========================================================================
Received Import Request.
  Time since last request: 0.000027 seconds.
  path: Assets/Sprites/Thruster/Thruster_00003.png
  artifactKey: Guid(4807076eea48107449ac1b79d77f01b3) Importer(815301076,1909f56bfc062723c751e8b465ee728b)
Start importing Assets/Sprites/Thruster/Thruster_00003.png using Guid(4807076eea48107449ac1b79d77f01b3) Importer(815301076,1909f56bfc062723c751e8b465ee728b)  -> (artifact id: '061260bd2392432b2554f97de7bd26ee') in 0.024202 seconds 
========================================================================
Received Import Request.
  Time since last request: 0.000030 seconds.
  path: Assets/Sprites/Thruster/Thruster_00012.png
  artifactKey: Guid(ad1535a3ec6004e419e7109d70e638f7) Importer(815301076,1909f56bfc062723c751e8b465ee728b)
Start importing Assets/Sprites/Thruster/Thruster_00012.png using Guid(ad1535a3ec6004e419e7109d70e638f7) Importer(815301076,1909f56bfc062723c751e8b465ee728b)  -> (artifact id: 'ca8f81c833d011e07a831d28dc57d434') in 0.020163 seconds 
========================================================================
Received Import Request.
  Time since last request: 0.000031 seconds.
  path: Assets/Sprites/Thruster/Thruster_00005.png
  artifactKey: Guid(5e5e5ef149b0506429611a6ac3b0915e) Importer(815301076,1909f56bfc062723c751e8b465ee728b)
Start importing Assets/Sprites/Thruster/Thruster_00005.png using Guid(5e5e5ef149b0506429611a6ac3b0915e) Importer(815301076,1909f56bfc062723c751e8b465ee728b)  -> (artifact id: 'b987b2ab64ff0783b95d2879fc7ff1e1') in 0.028502 seconds 
========================================================================
Received Import Request.
  Time since last request: 0.000024 seconds.
  path: Assets/Sprites/Thruster/Thruster_00009.png
  artifactKey: Guid(bd33ab96c669ca544823cad6caa68465) Importer(815301076,1909f56bfc062723c751e8b465ee728b)
Start importing Assets/Sprites/Thruster/Thruster_00009.png using Guid(bd33ab96c669ca544823cad6caa68465) Importer(815301076,1909f56bfc062723c751e8b465ee728b)  -> (artifact id: '29f47147c0e381a90de76dd3d0b4bbc3') in 0.045649 seconds 
========================================================================
Received Import Request.
  Time since last request: 2.222339 seconds.
  path: Assets/Sprites/Player_Shield/Shields_00000.png
  artifactKey: Guid(edfec64986c825f4bac1793742bbcd94) Importer(815301076,1909f56bfc062723c751e8b465ee728b)
Start importing Assets/Sprites/Player_Shield/Shields_00000.png using Guid(edfec64986c825f4bac1793742bbcd94) Importer(815301076,1909f56bfc062723c751e8b465ee728b)  -> (artifact id: '2d80bcf7dbf2980d01a809cc22afc007') in 0.034657 seconds 
========================================================================
Received Import Request.
  Time since last request: 0.000033 seconds.
  path: Assets/Sprites/Player_Shield/Shields_00002.png
  artifactKey: Guid(e4276c10701336b4989bfeeaec0dedec) Importer(815301076,1909f56bfc062723c751e8b465ee728b)
Start importing Assets/Sprites/Player_Shield/Shields_00002.png using Guid(e4276c10701336b4989bfeeaec0dedec) Importer(815301076,1909f56bfc062723c751e8b465ee728b)  -> (artifact id: '9042e7b1088e78de09072b1491c8babf') in 0.031792 seconds 
========================================================================
Received Import Request.
  Time since last request: 0.000037 seconds.
  path: Assets/Sprites/Player_Shield/Shields_00014.png
  artifactKey: Guid(8fa52777300908a4c949e1968195355e) Importer(815301076,1909f56bfc062723c751e8b465ee728b)
Start importing Assets/Sprites/Player_Shield/Shields_00014.png using Guid(8fa52777300908a4c949e1968195355e) Importer(815301076,1909f56bfc062723c751e8b465ee728b)  -> (artifact id: '1eba5ef86e985d552b6720286c48f5d6') in 0.122550 seconds 
========================================================================
Received Import Request.
  Time since last request: 0.000023 seconds.
  path: Assets/Sprites/Player_Shield/Shields_00010.png
  artifactKey: Guid(25142a34960784244b6f088626a8fe35) Importer(815301076,1909f56bfc062723c751e8b465ee728b)
Start importing Assets/Sprites/Player_Shield/Shields_00010.png using Guid(25142a34960784244b6f088626a8fe35) Importer(815301076,1909f56bfc062723c751e8b465ee728b)  -> (artifact id: '69697410829583fea75cdf0f0151d774') in 0.085570 seconds 
========================================================================
Received Import Request.
  Time since last request: 0.000040 seconds.
  path: Assets/Sprites/Player_Shield/Shields_00015.png
  artifactKey: Guid(5651920ec35e8bd409f4e3cac5eb7bf2) Importer(815301076,1909f56bfc062723c751e8b465ee728b)
Start importing Assets/Sprites/Player_Shield/Shields_00015.png using Guid(5651920ec35e8bd409f4e3cac5eb7bf2) Importer(815301076,1909f56bfc062723c751e8b465ee728b)  -> (artifact id: '7cbb92a34ce236c47c00acf3886c5214') in 0.063559 seconds 
========================================================================
Received Import Request.
  Time since last request: 0.000053 seconds.
  path: Assets/Sprites/Player_Shield/Shields_00009.png
  artifactKey: Guid(14d7b52498d55c946bbb048aad30b9bc) Importer(815301076,1909f56bfc062723c751e8b465ee728b)
Start importing Assets/Sprites/Player_Shield/Shields_00009.png using Guid(14d7b52498d55c946bbb048aad30b9bc) Importer(815301076,1909f56bfc062723c751e8b465ee728b)  -> (artifact id: '5a8e94f9ba07fde842811351ee9062f9') in 0.051180 seconds 
========================================================================
Received Import Request.
  Time since last request: 0.000093 seconds.
  path: Assets/Sprites/Player_Shield/Shields_00012.png
  artifactKey: Guid(e2c2ae0878be21142a3df60727863dc0) Importer(815301076,1909f56bfc062723c751e8b465ee728b)
Start importing Assets/Sprites/Player_Shield/Shields_00012.png using Guid(e2c2ae0878be21142a3df60727863dc0) Importer(815301076,1909f56bfc062723c751e8b465ee728b)  -> (artifact id: '2614f393b310422d69b5aef1cf1c6801') in 0.044017 seconds 
========================================================================
Received Import Request.
  Time since last request: 7.865885 seconds.
  path: Assets/Sprites/Explosion/Explosion_00006.png
  artifactKey: Guid(aec987e2e7eb9af4897161eb60a2a988) Importer(815301076,1909f56bfc062723c751e8b465ee728b)
Start importing Assets/Sprites/Explosion/Explosion_00006.png using Guid(aec987e2e7eb9af4897161eb60a2a988) Importer(815301076,1909f56bfc062723c751e8b465ee728b)  -> (artifact id: '8846c172bb00b5940d910327e9847e05') in 0.101650 seconds 
========================================================================
Received Import Request.
  Time since last request: 0.000031 seconds.
  path: Assets/Sprites/Explosion/Explosion_00102.png
  artifactKey: Guid(c5d3b8a84e145d5469d9952d602a28af) Importer(815301076,1909f56bfc062723c751e8b465ee728b)
Start importing Assets/Sprites/Explosion/Explosion_00102.png using Guid(c5d3b8a84e145d5469d9952d602a28af) Importer(815301076,1909f56bfc062723c751e8b465ee728b)  -> (artifact id: '9360286004aac5d64a5d889a4b116f5b') in 0.052737 seconds 
========================================================================
Received Import Request.
  Time since last request: 0.000035 seconds.
  path: Assets/Sprites/Explosion/Explosion_00037.png
  artifactKey: Guid(8708e9f56a3c6c148952f7610c1c23ad) Importer(815301076,1909f56bfc062723c751e8b465ee728b)
Start importing Assets/Sprites/Explosion/Explosion_00037.png using Guid(8708e9f56a3c6c148952f7610c1c23ad) Importer(815301076,1909f56bfc062723c751e8b465ee728b)  -> (artifact id: 'ffdd13df7d7513901c82c5cd0daccec2') in 0.068944 seconds 
========================================================================
Received Import Request.
  Time since last request: 0.000042 seconds.
  path: Assets/Sprites/Explosion/Explosion_00109.png
  artifactKey: Guid(3311fa85ac7b92d4497e83eabe9e917a) Importer(815301076,1909f56bfc062723c751e8b465ee728b)
Start importing Assets/Sprites/Explosion/Explosion_00109.png using Guid(3311fa85ac7b92d4497e83eabe9e917a) Importer(815301076,1909f56bfc062723c751e8b465ee728b)  -> (artifact id: 'b0fd6247a9623e4aa0a914103b62ed5c') in 0.036195 seconds 
========================================================================
Received Import Request.
  Time since last request: 0.000028 seconds.
  path: Assets/Sprites/Explosion/Explosion_00116.png
  artifactKey: Guid(980e982226d6efb4cb99ef76d18364b6) Importer(815301076,1909f56bfc062723c751e8b465ee728b)
Start importing Assets/Sprites/Explosion/Explosion_00116.png using Guid(980e982226d6efb4cb99ef76d18364b6) Importer(815301076,1909f56bfc062723c751e8b465ee728b)  -> (artifact id: 'f7722e08263bda235d0268f9335663f9') in 0.050649 seconds 
========================================================================
Received Import Request.
  Time since last request: 0.000027 seconds.
  path: Assets/Sprites/Explosion/Explosion_00053.png
  artifactKey: Guid(70e22118f3a0b7b4d805337d54fb55a1) Importer(815301076,1909f56bfc062723c751e8b465ee728b)
Start importing Assets/Sprites/Explosion/Explosion_00053.png using Guid(70e22118f3a0b7b4d805337d54fb55a1) Importer(815301076,1909f56bfc062723c751e8b465ee728b)  -> (artifact id: 'd610a469a225aa0e5c3125e3e0bf31a9') in 0.075690 seconds 
========================================================================
Received Import Request.
  Time since last request: 0.000019 seconds.
  path: Assets/Sprites/Explosion/Explosion_00015.png
  artifactKey: Guid(55ee0da7d35ff3642ac4886dbf9d7620) Importer(815301076,1909f56bfc062723c751e8b465ee728b)
Start importing Assets/Sprites/Explosion/Explosion_00015.png using Guid(55ee0da7d35ff3642ac4886dbf9d7620) Importer(815301076,1909f56bfc062723c751e8b465ee728b)  -> (artifact id: 'e5af30bab0656521fcc12235c1c68547') in 0.058069 seconds 
========================================================================
Received Import Request.
  Time since last request: 0.000024 seconds.
  path: Assets/Sprites/Explosion/Explosion_00095.png
  artifactKey: Guid(e1ce380e6aeed5640b045d1bb61c50ce) Importer(815301076,1909f56bfc062723c751e8b465ee728b)
Start importing Assets/Sprites/Explosion/Explosion_00095.png using Guid(e1ce380e6aeed5640b045d1bb61c50ce) Importer(815301076,1909f56bfc062723c751e8b465ee728b)  -> (artifact id: 'f25e53fdf0ccc3c0567339d512ebff31') in 0.084905 seconds 
========================================================================
Received Import Request.
  Time since last request: 0.000033 seconds.
  path: Assets/Sprites/Explosion/Explosion_00040.png
  artifactKey: Guid(a527074b57de6f54dac2953fa6d1c15d) Importer(815301076,1909f56bfc062723c751e8b465ee728b)
Start importing Assets/Sprites/Explosion/Explosion_00040.png using Guid(a527074b57de6f54dac2953fa6d1c15d) Importer(815301076,1909f56bfc062723c751e8b465ee728b)  -> (artifact id: 'cb63b955ec03d922b91462bf5e560740') in 0.081945 seconds 
========================================================================
Received Import Request.
  Time since last request: 0.000078 seconds.
  path: Assets/Sprites/Explosion/Explosion_00033.png
  artifactKey: Guid(80c6338bdcdea4a46b2d5086d810b5dd) Importer(815301076,1909f56bfc062723c751e8b465ee728b)
Start importing Assets/Sprites/Explosion/Explosion_00033.png using Guid(80c6338bdcdea4a46b2d5086d810b5dd) Importer(815301076,1909f56bfc062723c751e8b465ee728b)  -> (artifact id: '311a2f40e8611bdc4e4d7765857143e3') in 0.086304 seconds 
========================================================================
Received Import Request.
  Time since last request: 0.000028 seconds.
  path: Assets/Sprites/Explosion/Explosion_00118.png
  artifactKey: Guid(a953c829606c2ed49a61222c359529fe) Importer(815301076,1909f56bfc062723c751e8b465ee728b)
Start importing Assets/Sprites/Explosion/Explosion_00118.png using Guid(a953c829606c2ed49a61222c359529fe) Importer(815301076,1909f56bfc062723c751e8b465ee728b)  -> (artifact id: '34eb2469aa5ba47c4541312835a54347') in 0.065679 seconds 
========================================================================
Received Import Request.
  Time since last request: 0.000027 seconds.
  path: Assets/Sprites/Explosion/Explosion_00039.png
  artifactKey: Guid(6fe01c0940a07b849be0f871e7bfa288) Importer(815301076,1909f56bfc062723c751e8b465ee728b)
Start importing Assets/Sprites/Explosion/Explosion_00039.png using Guid(6fe01c0940a07b849be0f871e7bfa288) Importer(815301076,1909f56bfc062723c751e8b465ee728b)  -> (artifact id: '808114f636855bbde3ca08ca56e814a7') in 0.093880 seconds 
========================================================================
Received Import Request.
  Time since last request: 0.000376 seconds.
  path: Assets/Sprites/Explosion/Explosion_00126.png
  artifactKey: Guid(fe2d4704b643d6d40b90edbbd67623e2) Importer(815301076,1909f56bfc062723c751e8b465ee728b)
Start importing Assets/Sprites/Explosion/Explosion_00126.png using Guid(fe2d4704b643d6d40b90edbbd67623e2) Importer(815301076,1909f56bfc062723c751e8b465ee728b)  -> (artifact id: '802c3f4e44ae5a035acafdf0020261c2') in 0.074304 seconds 
========================================================================
Received Import Request.
  Time since last request: 0.000043 seconds.
  path: Assets/Sprites/Explosion/Explosion_00027.png
  artifactKey: Guid(8cdee4b946ad1c34daf7cf87df7a4db7) Importer(815301076,1909f56bfc062723c751e8b465ee728b)
Start importing Assets/Sprites/Explosion/Explosion_00027.png using Guid(8cdee4b946ad1c34daf7cf87df7a4db7) Importer(815301076,1909f56bfc062723c751e8b465ee728b)  -> (artifact id: '2ffe430524b1198b4eacadf00c099581') in 0.077826 seconds 
========================================================================
Received Import Request.
  Time since last request: 0.000035 seconds.
  path: Assets/Sprites/Explosion/Explosion_00110.png
  artifactKey: Guid(c2b8ba5d5319f274399251360dad9da5) Importer(815301076,1909f56bfc062723c751e8b465ee728b)
Start importing Assets/Sprites/Explosion/Explosion_00110.png using Guid(c2b8ba5d5319f274399251360dad9da5) Importer(815301076,1909f56bfc062723c751e8b465ee728b)  -> (artifact id: 'fe11ffb8e792e406dfe5d0286bc14a02') in 0.061242 seconds 
========================================================================
Received Import Request.
  Time since last request: 0.000032 seconds.
  path: Assets/Sprites/Explosion/Explosion_00115.png
  artifactKey: Guid(5673d1b1d7708474b9122a799a6bb54c) Importer(815301076,1909f56bfc062723c751e8b465ee728b)
Start importing Assets/Sprites/Explosion/Explosion_00115.png using Guid(5673d1b1d7708474b9122a799a6bb54c) Importer(815301076,1909f56bfc062723c751e8b465ee728b)  -> (artifact id: '6d88994c76e2a28a0fbd7e800c54061e') in 0.092325 seconds 
========================================================================
Received Import Request.
  Time since last request: 0.000166 seconds.
  path: Assets/Sprites/Explosion/Explosion_00078.png
  artifactKey: Guid(0685c67e38101af459812ceb08626e4d) Importer(815301076,1909f56bfc062723c751e8b465ee728b)
Start importing Assets/Sprites/Explosion/Explosion_00078.png using Guid(0685c67e38101af459812ceb08626e4d) Importer(815301076,1909f56bfc062723c751e8b465ee728b)  -> (artifact id: '36c1637d94563d06949a56d05a7f77a1') in 0.081129 seconds 
========================================================================
Received Import Request.
  Time since last request: 0.000022 seconds.
  path: Assets/Sprites/Explosion/Explosion_00016.png
  artifactKey: Guid(3c08813279faf644e9cb07a21ca885f9) Importer(815301076,1909f56bfc062723c751e8b465ee728b)
Start importing Assets/Sprites/Explosion/Explosion_00016.png using Guid(3c08813279faf644e9cb07a21ca885f9) Importer(815301076,1909f56bfc062723c751e8b465ee728b)  -> (artifact id: 'a76c7793eeb77332916a96d9d077f46e') in 0.073060 seconds 
========================================================================
Received Import Request.
  Time since last request: 0.000028 seconds.
  path: Assets/Sprites/Explosion/Explosion_00106.png
  artifactKey: Guid(9fd2a7e3383c5af4faa72f2ac41abef5) Importer(815301076,1909f56bfc062723c751e8b465ee728b)
Start importing Assets/Sprites/Explosion/Explosion_00106.png using Guid(9fd2a7e3383c5af4faa72f2ac41abef5) Importer(815301076,1909f56bfc062723c751e8b465ee728b)  -> (artifact id: '3813f88f0112fb9d0a592a6d6e07adc9') in 0.044400 seconds 
========================================================================
Received Import Request.
  Time since last request: 0.669021 seconds.
  path: Assets/Sprites/Health/frame-7.png
  artifactKey: Guid(98030ff545184d24f9bd1eef05913d69) Importer(815301076,1909f56bfc062723c751e8b465ee728b)
Start importing Assets/Sprites/Health/frame-7.png using Guid(98030ff545184d24f9bd1eef05913d69) Importer(815301076,1909f56bfc062723c751e8b465ee728b)  -> (artifact id: '4a551ac82c7d540f95b8b8d45ed2ac73') in 0.032354 seconds 
Editor requested this worker to shutdown with reason: Scaling down because of idle timeout
AssetImportWorker is now disconnected from the server
Process exiting
Exiting without the bug reporter. Application will terminate with return code 0