Using pre-set license
Built from '2021.3/staging' branch; Version is '2021.3.22f1 (b6c551784ba3) revision 11978065'; Using compiler version '192829333'; Build Type 'Release'
OS: 'Windows 11  (10.0.22631) 64bit Core' Language: 'en' Physical Memory: 24505 MB
BatchMode: 1, IsHumanControllingUs: 0, StartBugReporterOnCrash: 0, Is64bit: 1, IsPro: 1

COMMAND LINE ARGUMENTS:
C:\Program Files\Unity\Hub\Editor\2021.3.22f1\Editor\Unity.exe
-adb2
-batchMode
-noUpm
-name
AssetImportWorker13
-projectPath
C:/Users/jadyn/OneDrive/Documents/UCF/Fall24/UnityProjects/Fighter_Planes_F24
-logFile
Logs/AssetImportWorker13.log
-srvPort
56976
Successfully changed project path to: C:/Users/jadyn/OneDrive/Documents/UCF/Fall24/UnityProjects/Fighter_Planes_F24
C:/Users/jadyn/OneDrive/Documents/UCF/Fall24/UnityProjects/Fighter_Planes_F24
[UnityMemory] Configuration Parameters - Can be set up in boot.config
    "memorysetup-bucket-allocator-granularity=16"
    "memorysetup-bucket-allocator-bucket-count=8"
    "memorysetup-bucket-allocator-block-size=33554432"
    "memorysetup-bucket-allocator-block-count=8"
    "memorysetup-main-allocator-block-size=16777216"
    "memorysetup-thread-allocator-block-size=16777216"
    "memorysetup-gfx-main-allocator-block-size=16777216"
    "memorysetup-gfx-thread-allocator-block-size=16777216"
    "memorysetup-cache-allocator-block-size=4194304"
    "memorysetup-typetree-allocator-block-size=2097152"
    "memorysetup-profiler-bucket-allocator-granularity=16"
    "memorysetup-profiler-bucket-allocator-bucket-count=8"
    "memorysetup-profiler-bucket-allocator-block-size=33554432"
    "memorysetup-profiler-bucket-allocator-block-count=8"
    "memorysetup-profiler-allocator-block-size=16777216"
    "memorysetup-profiler-editor-allocator-block-size=1048576"
    "memorysetup-temp-allocator-size-main=16777216"
    "memorysetup-job-temp-allocator-block-size=2097152"
    "memorysetup-job-temp-allocator-block-size-background=1048576"
    "memorysetup-job-temp-allocator-reduction-small-platforms=262144"
    "memorysetup-temp-allocator-size-background-worker=32768"
    "memorysetup-temp-allocator-size-job-worker=262144"
    "memorysetup-temp-allocator-size-preload-manager=33554432"
    "memorysetup-temp-allocator-size-nav-mesh-worker=65536"
    "memorysetup-temp-allocator-size-audio-worker=65536"
    "memorysetup-temp-allocator-size-cloud-worker=32768"
    "memorysetup-temp-allocator-size-gi-baking-worker=262144"
    "memorysetup-temp-allocator-size-gfx=262144"
Player connection [19000] Host "[IP] 192.168.1.242 [Port] 0 [Flags] 2 [Guid] 1205209271 [EditorId] 1205209271 [Version] 1048832 [Id] WindowsEditor(7,JadynPC) [Debug] 1 [PackageName] WindowsEditor [ProjectName] Editor" joined multi-casting on [225.0.0.222:54997]...

Player connection [19000] Host "[IP] 192.168.1.242 [Port] 0 [Flags] 2 [Guid] 1205209271 [EditorId] 1205209271 [Version] 1048832 [Id] WindowsEditor(7,JadynPC) [Debug] 1 [PackageName] WindowsEditor [ProjectName] Editor" joined alternative multi-casting on [225.0.0.222:34997]...

Refreshing native plugins compatible for Editor in 154.18 ms, found 3 plugins.
Preloading 0 native plugins for Editor in 0.00 ms.
Initialize engine version: 2021.3.22f1 (b6c551784ba3)
[Subsystems] Discovering subsystems at path C:/Program Files/Unity/Hub/Editor/2021.3.22f1/Editor/Data/Resources/UnitySubsystems
[Subsystems] Discovering subsystems at path C:/Users/jadyn/OneDrive/Documents/UCF/Fall24/UnityProjects/Fighter_Planes_F24/Assets
GfxDevice: creating device client; threaded=0; jobified=0
Direct3D:
    Version:  Direct3D 11.0 [level 11.1]
    Renderer: NVIDIA GeForce RTX 2080 (ID=0x1e87)
    Vendor:   NVIDIA
    VRAM:     8002 MB
    Driver:   31.0.15.4617
Initialize mono
Mono path[0] = 'C:/Program Files/Unity/Hub/Editor/2021.3.22f1/Editor/Data/Managed'
Mono path[1] = 'C:/Program Files/Unity/Hub/Editor/2021.3.22f1/Editor/Data/MonoBleedingEdge/lib/mono/unityjit-win32'
Mono config path = 'C:/Program Files/Unity/Hub/Editor/2021.3.22f1/Editor/Data/MonoBleedingEdge/etc'
Using monoOptions --debugger-agent=transport=dt_socket,embedding=1,server=y,suspend=n,address=127.0.0.1:56264
Begin MonoManager ReloadAssembly
Registering precompiled unity dll's ...
Register platform support module: C:/Program Files/Unity/Hub/Editor/2021.3.22f1/Editor/Data/PlaybackEngines/WebGLSupport/UnityEditor.WebGL.Extensions.dll
Register platform support module: C:/Program Files/Unity/Hub/Editor/2021.3.22f1/Editor/Data/PlaybackEngines/WindowsStandaloneSupport/UnityEditor.WindowsStandalone.Extensions.dll
Registered in 0.014014 seconds.
Native extension for WindowsStandalone target not found
Native extension for WebGL target not found
Refreshing native plugins compatible for Editor in 102.90 ms, found 3 plugins.
Preloading 0 native plugins for Editor in 0.00 ms.
Mono: successfully reloaded assembly
- Completed reload, in  1.113 seconds
Domain Reload Profiling:
	ReloadAssembly (1115ms)
		BeginReloadAssembly (168ms)
			ExecutionOrderSort (0ms)
			DisableScriptedObjects (0ms)
			BackupInstance (0ms)
			ReleaseScriptingObjects (0ms)
			CreateAndSetChildDomain (2ms)
		EndReloadAssembly (765ms)
			LoadAssemblies (162ms)
			RebuildTransferFunctionScriptingTraits (0ms)
			SetupTypeCache (185ms)
			ReleaseScriptCaches (0ms)
			RebuildScriptCaches (64ms)
			SetupLoadedEditorAssemblies (432ms)
				LogAssemblyErrors (0ms)
				InitializePlatformSupportModulesInManaged (13ms)
				SetLoadedEditorAssemblies (0ms)
				RefreshPlugins (103ms)
				BeforeProcessingInitializeOnLoad (2ms)
				ProcessInitializeOnLoadAttributes (233ms)
				ProcessInitializeOnLoadMethodAttributes (81ms)
				AfterProcessingInitializeOnLoad (0ms)
				EditorAssembliesLoaded (0ms)
			ExecutionOrderSort2 (0ms)
			AwakeInstancesAfterBackupRestoration (0ms)
Platform modules already initialized, skipping
Registering precompiled user dll's ...
Registered in 0.010179 seconds.
Begin MonoManager ReloadAssembly
Native extension for WindowsStandalone target not found
Native extension for WebGL target not found
Refreshing native plugins compatible for Editor in 1.00 ms, found 3 plugins.
Preloading 0 native plugins for Editor in 0.00 ms.
Mono: successfully reloaded assembly
- Completed reload, in  2.091 seconds
Domain Reload Profiling:
	ReloadAssembly (2093ms)
		BeginReloadAssembly (239ms)
			ExecutionOrderSort (0ms)
			DisableScriptedObjects (9ms)
			BackupInstance (0ms)
			ReleaseScriptingObjects (0ms)
			CreateAndSetChildDomain (30ms)
		EndReloadAssembly (1649ms)
			LoadAssemblies (153ms)
			RebuildTransferFunctionScriptingTraits (0ms)
			SetupTypeCache (549ms)
			ReleaseScriptCaches (1ms)
			RebuildScriptCaches (204ms)
			SetupLoadedEditorAssemblies (626ms)
				LogAssemblyErrors (0ms)
				InitializePlatformSupportModulesInManaged (12ms)
				SetLoadedEditorAssemblies (1ms)
				RefreshPlugins (1ms)
				BeforeProcessingInitializeOnLoad (132ms)
				ProcessInitializeOnLoadAttributes (439ms)
				ProcessInitializeOnLoadMethodAttributes (28ms)
				AfterProcessingInitializeOnLoad (14ms)
				EditorAssembliesLoaded (0ms)
			ExecutionOrderSort2 (0ms)
			AwakeInstancesAfterBackupRestoration (10ms)
Platform modules already initialized, skipping
========================================================================
Worker process is ready to serve import requests
Launched and connected shader compiler UnityShaderCompiler.exe after 0.07 seconds
Refreshing native plugins compatible for Editor in 1.69 ms, found 3 plugins.
Preloading 0 native plugins for Editor in 0.00 ms.
Unloading 3088 Unused Serialized files (Serialized files now loaded: 0)
Unloading 23 unused Assets / (56.2 KB). Loaded Objects now: 3549.
Memory consumption went from 111.7 MB to 111.6 MB.
Total: 9.574600 ms (FindLiveObjects: 0.448700 ms CreateObjectMapping: 0.348900 ms MarkObjects: 8.670400 ms  DeleteObjects: 0.105500 ms)

AssetImportParameters requested are different than current active one (requested -> active):
  custom:video-decoder-ogg-theora: a1e56fd34408186e4bbccfd4996cb3dc -> 
  custom:container-muxer-webm: aa71ff27fc2769a1b78a27578f13a17b -> 
  custom:container-demuxer-webm: 4f35f7cbe854078d1ac9338744f61a02 -> 
  custom:video-encoder-webm-vp8: eb34c28f22e8b96e1ab97ce403110664 -> 
  custom:video-codec-MediaFoundation-h265: 746d11721c4dcdbdad8f713fa42b33f4 -> 
  custom:audio-encoder-webm-vorbis: bf7c407c2cedff20999df2af8eb42d56 -> 
  custom:framework-win-MediaFoundation: 216162199b28c13a410421893ffa2e32 -> 
  custom:container-demuxer-ogg: 62fdf1f143b41e24485cea50d1cbac27 -> 
  custom:video-decoder-webm-vp8: 9c59270c3fd7afecdb556c50c9e8de78 -> 
  custom:audio-decoder-ogg-vorbis: bf7c407c2cedff20999df2af8eb42d56 -> 
========================================================================
Received Import Request.
  Time since last request: 521914.659721 seconds.
  path: Assets/Sprites/Explosion/Explosion_00004.png
  artifactKey: Guid(c0df2dad0f5900a44bc5304cd201723e) Importer(815301076,1909f56bfc062723c751e8b465ee728b)
Start importing Assets/Sprites/Explosion/Explosion_00004.png using Guid(c0df2dad0f5900a44bc5304cd201723e) Importer(815301076,1909f56bfc062723c751e8b465ee728b)  -> (artifact id: '4b11911f63629cd48136131c2d2f1993') in 0.329527 seconds 
========================================================================
Received Import Request.
  Time since last request: 0.000034 seconds.
  path: Assets/Sprites/Explosion/Explosion_00010.png
  artifactKey: Guid(98a1c0b858e5cb74291ef75fc75d7d15) Importer(815301076,1909f56bfc062723c751e8b465ee728b)
Start importing Assets/Sprites/Explosion/Explosion_00010.png using Guid(98a1c0b858e5cb74291ef75fc75d7d15) Importer(815301076,1909f56bfc062723c751e8b465ee728b)  -> (artifact id: '26bdb316bae6efaef9bed9a8b27c0735') in 0.049312 seconds 
========================================================================
Received Import Request.
  Time since last request: 0.000037 seconds.
  path: Assets/Sprites/Explosion/Explosion_00103.png
  artifactKey: Guid(9e2455110bcecc543956604ff2b1fed9) Importer(815301076,1909f56bfc062723c751e8b465ee728b)
Start importing Assets/Sprites/Explosion/Explosion_00103.png using Guid(9e2455110bcecc543956604ff2b1fed9) Importer(815301076,1909f56bfc062723c751e8b465ee728b)  -> (artifact id: 'c2ac774789dc1a384898256b2032c2c7') in 0.050409 seconds 
========================================================================
Received Import Request.
  Time since last request: 0.000108 seconds.
  path: Assets/Sprites/Explosion/Explosion_00042.png
  artifactKey: Guid(b152454142ca279428074408f0a5b4c8) Importer(815301076,1909f56bfc062723c751e8b465ee728b)
Start importing Assets/Sprites/Explosion/Explosion_00042.png using Guid(b152454142ca279428074408f0a5b4c8) Importer(815301076,1909f56bfc062723c751e8b465ee728b)  -> (artifact id: '1b25f490683d8daf540e775255aec5ab') in 0.085149 seconds 
========================================================================
Received Import Request.
  Time since last request: 0.000022 seconds.
  path: Assets/Sprites/Explosion/Explosion_00082.png
  artifactKey: Guid(120472f87b892344688d07023109c095) Importer(815301076,1909f56bfc062723c751e8b465ee728b)
Start importing Assets/Sprites/Explosion/Explosion_00082.png using Guid(120472f87b892344688d07023109c095) Importer(815301076,1909f56bfc062723c751e8b465ee728b)  -> (artifact id: 'dc6e5853f0570719fc963ee43a241a48') in 0.081980 seconds 
========================================================================
Received Import Request.
  Time since last request: 0.000033 seconds.
  path: Assets/Sprites/Explosion/Explosion_00022.png
  artifactKey: Guid(e45fe2b1b45c556449e64f6b4bfe31f1) Importer(815301076,1909f56bfc062723c751e8b465ee728b)
Start importing Assets/Sprites/Explosion/Explosion_00022.png using Guid(e45fe2b1b45c556449e64f6b4bfe31f1) Importer(815301076,1909f56bfc062723c751e8b465ee728b)  -> (artifact id: '1a652facfc37ba24471c75831632520f') in 0.060910 seconds 
========================================================================
Received Import Request.
  Time since last request: 0.000035 seconds.
  path: Assets/Sprites/Explosion/Explosion_00051.png
  artifactKey: Guid(5fc333aae31055448a7792d6e9bedd3b) Importer(815301076,1909f56bfc062723c751e8b465ee728b)
Start importing Assets/Sprites/Explosion/Explosion_00051.png using Guid(5fc333aae31055448a7792d6e9bedd3b) Importer(815301076,1909f56bfc062723c751e8b465ee728b)  -> (artifact id: '8461c123fbbce78cbb5502a08b406367') in 0.064271 seconds 
========================================================================
Received Import Request.
  Time since last request: 0.000028 seconds.
  path: Assets/Sprites/Explosion/Explosion_00031.png
  artifactKey: Guid(501224271cf9a7b439011963857221ea) Importer(815301076,1909f56bfc062723c751e8b465ee728b)
Start importing Assets/Sprites/Explosion/Explosion_00031.png using Guid(501224271cf9a7b439011963857221ea) Importer(815301076,1909f56bfc062723c751e8b465ee728b)  -> (artifact id: 'fc869f178882bf53b24350cceb81ca5f') in 0.066846 seconds 
========================================================================
Received Import Request.
  Time since last request: 0.000030 seconds.
  path: Assets/Sprites/Explosion/Explosion_00050.png
  artifactKey: Guid(5140b367660e76547b893927f5ae45f2) Importer(815301076,1909f56bfc062723c751e8b465ee728b)
Start importing Assets/Sprites/Explosion/Explosion_00050.png using Guid(5140b367660e76547b893927f5ae45f2) Importer(815301076,1909f56bfc062723c751e8b465ee728b)  -> (artifact id: 'f1edf8acfb54d11530109c81bd53997d') in 0.080994 seconds 
========================================================================
Received Import Request.
  Time since last request: 0.000109 seconds.
  path: Assets/Sprites/Explosion/Explosion_00079.png
  artifactKey: Guid(d6c8be9c1ae26ea41907d12783d6d463) Importer(815301076,1909f56bfc062723c751e8b465ee728b)
Start importing Assets/Sprites/Explosion/Explosion_00079.png using Guid(d6c8be9c1ae26ea41907d12783d6d463) Importer(815301076,1909f56bfc062723c751e8b465ee728b)  -> (artifact id: '8b62b2be87349fac7d4114c15cca281d') in 0.078477 seconds 
========================================================================
Received Import Request.
  Time since last request: 0.000039 seconds.
  path: Assets/Sprites/Explosion/Explosion_00054.png
  artifactKey: Guid(0ba68193349385a49a07220b6ae6fe8e) Importer(815301076,1909f56bfc062723c751e8b465ee728b)
Start importing Assets/Sprites/Explosion/Explosion_00054.png using Guid(0ba68193349385a49a07220b6ae6fe8e) Importer(815301076,1909f56bfc062723c751e8b465ee728b)  -> (artifact id: '7163b2ea423770cf57b2f63c2913cd01') in 0.075462 seconds 
========================================================================
Received Import Request.
  Time since last request: 0.000026 seconds.
  path: Assets/Sprites/Explosion/Explosion_00036.png
  artifactKey: Guid(0ed6ed1f7c16ded4aa08c0194a6e4ee6) Importer(815301076,1909f56bfc062723c751e8b465ee728b)
Start importing Assets/Sprites/Explosion/Explosion_00036.png using Guid(0ed6ed1f7c16ded4aa08c0194a6e4ee6) Importer(815301076,1909f56bfc062723c751e8b465ee728b)  -> (artifact id: '4af8f6ea4062a63026eb0e0daa51d82a') in 0.068561 seconds 
========================================================================
Received Import Request.
  Time since last request: 0.000040 seconds.
  path: Assets/Sprites/Explosion/Explosion_00113.png
  artifactKey: Guid(c86023ea6eb72cd498350aaee5eab12f) Importer(815301076,1909f56bfc062723c751e8b465ee728b)
Start importing Assets/Sprites/Explosion/Explosion_00113.png using Guid(c86023ea6eb72cd498350aaee5eab12f) Importer(815301076,1909f56bfc062723c751e8b465ee728b)  -> (artifact id: 'a81345b9bb8d374c7c3ad17a9a009262') in 0.056022 seconds 
========================================================================
Received Import Request.
  Time since last request: 0.000036 seconds.
  path: Assets/Sprites/Explosion/Explosion_00076.png
  artifactKey: Guid(bc75960839d1ddd4891657e26463197c) Importer(815301076,1909f56bfc062723c751e8b465ee728b)
Start importing Assets/Sprites/Explosion/Explosion_00076.png using Guid(bc75960839d1ddd4891657e26463197c) Importer(815301076,1909f56bfc062723c751e8b465ee728b)  -> (artifact id: '64d1ef58e412b6d70fb105189e747687') in 0.089744 seconds 
========================================================================
Received Import Request.
  Time since last request: 0.000036 seconds.
  path: Assets/Sprites/Explosion/Explosion_00123.png
  artifactKey: Guid(1fb6b7faf5d725e479d6093f5314aeb7) Importer(815301076,1909f56bfc062723c751e8b465ee728b)
Start importing Assets/Sprites/Explosion/Explosion_00123.png using Guid(1fb6b7faf5d725e479d6093f5314aeb7) Importer(815301076,1909f56bfc062723c751e8b465ee728b)  -> (artifact id: 'dd42389c9d5f27b62bf036828075d852') in 0.072414 seconds 
========================================================================
Received Import Request.
  Time since last request: 0.000031 seconds.
  path: Assets/Sprites/Explosion/Explosion_00069.png
  artifactKey: Guid(b002c13d7e6f2b448b8028076fcb915c) Importer(815301076,1909f56bfc062723c751e8b465ee728b)
Start importing Assets/Sprites/Explosion/Explosion_00069.png using Guid(b002c13d7e6f2b448b8028076fcb915c) Importer(815301076,1909f56bfc062723c751e8b465ee728b)  -> (artifact id: 'e03f1de58391fb7ebe411ded30a723f1') in 0.073844 seconds 
========================================================================
Received Import Request.
  Time since last request: 0.682343 seconds.
  path: Assets/Sprites/Health/frame-5.png
  artifactKey: Guid(839a8cbe49aec96479de79a628c5d58d) Importer(815301076,1909f56bfc062723c751e8b465ee728b)
Start importing Assets/Sprites/Health/frame-5.png using Guid(839a8cbe49aec96479de79a628c5d58d) Importer(815301076,1909f56bfc062723c751e8b465ee728b)  -> (artifact id: '382f9133dabdbc4349fe136e3ab765f6') in 0.032160 seconds 
Editor requested this worker to shutdown with reason: Scaling down because of idle timeout
AssetImportWorker is now disconnected from the server
Process exiting
Exiting without the bug reporter. Application will terminate with return code 0